Log file open, 11/18/19 15:17:12
LogWindows: Failed to load 'aqProf.dll' (GetLastError=126)
LogWindows: File 'aqProf.dll' does not exist
LogWindows: Failed to load 'VtuneApi.dll' (GetLastError=126)
LogWindows: File 'VtuneApi.dll' does not exist
LogWindows: Failed to load 'VtuneApi32e.dll' (GetLastError=126)
LogWindows: File 'VtuneApi32e.dll' does not exist
LogConsoleResponse: Display: Failed to find resolution value strings in scalability ini. Falling back to default.
LogInit: Display: Running engine for game: VRHalloweenPrototype
LogPlatformFile: Not using cached read wrapper
LogTaskGraph: Started task graph with 5 named threads and 35 total threads with 3 sets of task threads.
LogStats: Stats thread started at 0.480023
LogD3D11RHI: Loaded GFSDK_Aftermath_Lib.x64.dll
LogICUInternationalization: ICU TimeZone Detection - Raw Offset: -5:00, Platform Override: ''
LogPluginManager: Mounting plugin Paper2D
LogPluginManager: Mounting plugin AISupport
LogPluginManager: Mounting plugin LightPropagationVolume
LogPluginManager: Mounting plugin ActorLayerUtilities
LogPluginManager: Mounting plugin AnimationSharing
LogPluginManager: Mounting plugin CLionSourceCodeAccess
LogPluginManager: Mounting plugin CodeLiteSourceCodeAccess
LogPluginManager: Mounting plugin GitSourceControl
LogPluginManager: Mounting plugin KDevelopSourceCodeAccess
LogPluginManager: Mounting plugin NullSourceCodeAccess
LogPluginManager: Mounting plugin PerforceSourceControl
LogPluginManager: Mounting plugin SubversionSourceControl
LogPluginManager: Mounting plugin UObjectPlugin
LogPluginManager: Mounting plugin VisualStudioCodeSourceCodeAccess
LogPluginManager: Mounting plugin VisualStudioSourceCodeAccess
LogPluginManager: Mounting plugin XCodeSourceCodeAccess
LogPluginManager: Mounting plugin AssetManagerEditor
LogPluginManager: Mounting plugin CryptoKeys
LogPluginManager: Mounting plugin CurveEditorTools
LogPluginManager: Mounting plugin DataValidation
LogPluginManager: Mounting plugin FacialAnimation
LogPluginManager: Mounting plugin GameplayTagsEditor
LogPluginManager: Mounting plugin MacGraphicsSwitching
LogPluginManager: Mounting plugin MaterialAnalyzer
LogPluginManager: Mounting plugin MobileLauncherProfileWizard
LogPluginManager: Mounting plugin PluginBrowser
LogPluginManager: Mounting plugin SpeedTreeImporter
LogPluginManager: Mounting plugin DatasmithContent
LogPluginManager: Mounting plugin VariantManagerContent
LogPluginManager: Mounting plugin AlembicImporter
LogPluginManager: Mounting plugin AutomationUtils
LogPluginManager: Mounting plugin BackChannel
LogPluginManager: Mounting plugin CharacterAI
LogPluginManager: Mounting plugin GeometryCache
LogPluginManager: Mounting plugin HTML5Networking
LogPluginManager: Mounting plugin PlatformCrypto
LogPluginManager: Mounting plugin ProxyLODPlugin
LogPluginManager: Mounting plugin SkeletalReduction
LogPluginManager: Mounting plugin MagicLeap
LogPluginManager: Mounting plugin MagicLeapMedia
LogPluginManager: Mounting plugin AndroidMedia
LogPluginManager: Mounting plugin AvfMedia
LogPluginManager: Mounting plugin ImgMedia
LogPluginManager: Mounting plugin MediaCompositing
LogPluginManager: Mounting plugin MediaPlayerEditor
LogPluginManager: Mounting plugin WebMMedia
LogPluginManager: Mounting plugin WmfMedia
LogPluginManager: Mounting plugin TcpMessaging
LogPluginManager: Mounting plugin UdpMessaging
LogPluginManager: Mounting plugin ActorSequence
LogPluginManager: Mounting plugin LevelSequenceEditor
LogPluginManager: Mounting plugin MatineeToLevelSequence
LogPluginManager: Mounting plugin NetcodeUnitTest
LogPluginManager: Mounting plugin NUTUnrealEngine4
LogPluginManager: Mounting plugin OnlineSubsystemGooglePlay
LogPluginManager: Mounting plugin OnlineSubsystemIOS
LogPluginManager: Mounting plugin OnlineSubsystem
LogPluginManager: Mounting plugin OnlineSubsystemNull
LogPluginManager: Mounting plugin OnlineSubsystemUtils
LogPluginManager: Mounting plugin LauncherChunkInstaller
LogPluginManager: Mounting plugin AndroidDeviceProfileSelector
LogPluginManager: Mounting plugin AndroidMoviePlayer
LogPluginManager: Mounting plugin AndroidPermission
LogPluginManager: Mounting plugin AppleImageUtils
LogPluginManager: Mounting plugin AppleMoviePlayer
LogPluginManager: Mounting plugin ArchVisCharacter
LogPluginManager: Mounting plugin AudioCapture
LogPluginManager: Mounting plugin CableComponent
LogPluginManager: Mounting plugin CustomMeshComponent
LogPluginManager: Mounting plugin EditableMesh
LogPluginManager: Mounting plugin ExampleDeviceProfileSelector
LogPluginManager: Mounting plugin GoogleCloudMessaging
LogPluginManager: Mounting plugin IOSDeviceProfileSelector
LogPluginManager: Mounting plugin LinuxDeviceProfileSelector
LogPluginManager: Mounting plugin LocationServicesBPLibrary
LogPluginManager: Mounting plugin MobilePatchingUtils
LogPluginManager: Mounting plugin OculusVR
LogPluginManager: Mounting plugin PhysXVehicles
LogPluginManager: Mounting plugin ProceduralMeshComponent
LogPluginManager: Mounting plugin RuntimePhysXCooking
LogPluginManager: Mounting plugin SignificanceManager
LogPluginManager: Mounting plugin SteamVR
LogPluginManager: Mounting plugin WebMMoviePlayer
LogPluginManager: Mounting plugin WindowsMoviePlayer
LogPluginManager: Mounting plugin ScreenshotTools
LogInit: Using libcurl 7.55.1-DEV
LogInit:  - built for x86_64-pc-win32
LogInit:  - supports SSL with OpenSSL/1.1.1
LogInit:  - supports HTTP deflate (compression) using libz 1.2.8
LogInit:  - other features:
LogInit:      CURL_VERSION_SSL
LogInit:      CURL_VERSION_LIBZ
LogInit:      CURL_VERSION_IPV6
LogInit:      CURL_VERSION_ASYNCHDNS
LogInit:      CURL_VERSION_LARGEFILE
LogInit:      CURL_VERSION_IDN
LogInit:  CurlRequestOptions (configurable via config and command line):
LogInit:  - bVerifyPeer = true  - Libcurl will verify peer certificate
LogInit:  - bUseHttpProxy = false  - Libcurl will NOT use HTTP proxy
LogInit:  - bDontReuseConnections = false  - Libcurl will reuse connections
LogInit:  - MaxHostConnections = 16  - Libcurl will limit the number of connections to a host
LogInit:  - LocalHostAddr = Default
LogInit:  - BufferSize = 65536
LogOnline: OSS: Creating online subsystem instance for: NULL
LogInit: WinSock: version 1.1 (2.2), MaxSocks=32767, MaxUdp=65467
LogHMD: Failed initializing OVRPlugin 1.37.0
LogInit: Build: ++UE4+Release-4.23-CL-9631420
LogInit: Engine Version: 4.23.1-9631420+++UE4+Release-4.23
LogInit: Compatible Engine Version: 4.23.0-8386587+++UE4+Release-4.23
LogInit: Net CL: 8386587
LogInit: OS: Windows 10 (Release 1903) (), CPU: Intel(R) Core(TM) i7-8750H CPU @ 2.20GHz, GPU: Intel(R) UHD Graphics 630
LogInit: Compiled (64-bit): Oct 18 2019 02:07:44
LogInit: Compiled with Visual C++: 19.16.27030.01
LogInit: Build Configuration: Development
LogInit: Branch Name: ++UE4+Release-4.23
LogInit: Command Line: 
LogInit: Base Directory: C:/Program Files/Epic Games/UE_4.23/Engine/Binaries/Win64/
LogInit: Installed Engine Build: 1
LogDevObjectVersion: Number of dev versions registered: 23
LogDevObjectVersion:   Dev-Blueprints (B0D832E4-1F89-4F0D-ACCF-7EB736FD4AA2): 10
LogDevObjectVersion:   Dev-Build (E1C64328-A22C-4D53-A36C-8E866417BD8C): 0
LogDevObjectVersion:   Dev-Core (375EC13C-06E4-48FB-B500-84F0262A717E): 3
LogDevObjectVersion:   Dev-Editor (E4B068ED-F494-42E9-A231-DA0B2E46BB41): 34
LogDevObjectVersion:   Dev-Framework (CFFC743F-43B0-4480-9391-14DF171D2073): 35
LogDevObjectVersion:   Dev-Mobile (B02B49B5-BB20-44E9-A304-32B752E40360): 2
LogDevObjectVersion:   Dev-Networking (A4E4105C-59A1-49B5-A7C5-40C4547EDFEE): 0
LogDevObjectVersion:   Dev-Online (39C831C9-5AE6-47DC-9A44-9C173E1C8E7C): 0
LogDevObjectVersion:   Dev-Physics (78F01B33-EBEA-4F98-B9B4-84EACCB95AA2): 0
LogDevObjectVersion:   Dev-Platform (6631380F-2D4D-43E0-8009-CF276956A95A): 0
LogDevObjectVersion:   Dev-Rendering (12F88B9F-8875-4AFC-A67C-D90C383ABD29): 31
LogDevObjectVersion:   Dev-Sequencer (7B5AE74C-D270-4C10-A958-57980B212A5A): 11
LogDevObjectVersion:   Dev-VR (D7296918-1DD6-4BDD-9DE2-64A83CC13884): 2
LogDevObjectVersion:   Dev-LoadTimes (C2A15278-BFE7-4AFE-6C17-90FF531DF755): 1
LogDevObjectVersion:   Private-Geometry (6EACA3D4-40EC-4CC1-B786-8BED09428FC5): 3
LogDevObjectVersion:   Dev-AnimPhys (29E575DD-E0A3-4627-9D10-D276232CDCEA): 17
LogDevObjectVersion:   Dev-Anim (AF43A65D-7FD3-4947-9873-3E8ED9C1BB05): 2
LogDevObjectVersion:   Dev-ReflectionCapture (6B266CEC-1EC7-4B8F-A30B-E4D90942FC07): 1
LogDevObjectVersion:   Dev-Automation (0DF73D61-A23F-47EA-B727-89E90C41499A): 1
LogDevObjectVersion:   FortniteMain (601D1886-AC64-4F84-AA16-D3DE0DEAC7D6): 27
LogDevObjectVersion:   Dev-Enterprise (9DFFBCD6-494F-0158-E221-12823C92A888): 6
LogDevObjectVersion:   Dev-Niagara (F2AED0AC-9AFE-416F-8664-AA7FFA26D6FC): 1
LogDevObjectVersion:   Dev-Destruction (174F1F0B-B4C6-45A5-B13F-2EE8D0FB917D): 9
LogInit: Presizing for max 16777216 objects, including 0 objects not considered by GC, pre-allocating 0 bytes for permanent pool.
LogInit: Object subsystem initialized
LogConfig: Setting CVar [[con.DebugEarlyDefault:1]]
LogConfig: Setting CVar [[r.setres:1280x720]]
[2019.11.18-20.17.13:574][  0]LogConfig: Setting CVar [[r.VSync:0]]
[2019.11.18-20.17.13:574][  0]LogConfig: Setting CVar [[r.RHICmdBypass:0]]
[2019.11.18-20.17.13:574][  0]LogConfig: Applying CVar settings from Section [/Script/Engine.RendererSettings] File [C:/Users/Stephen/Dropbox/Projects/Unreal Engine/VRUnrealPrototype/VRHalloweenPrototype/Saved/Config/Windows/Engine.ini]
[2019.11.18-20.17.13:574][  0]LogConfig: Setting CVar [[r.GPUCrashDebugging:0]]
[2019.11.18-20.17.13:574][  0]LogConfig: Setting CVar [[r.DefaultFeature.AmbientOcclusion:0]]
[2019.11.18-20.17.13:574][  0]LogConfig: Setting CVar [[r.DefaultFeature.AmbientOcclusionStaticFraction:0]]
[2019.11.18-20.17.13:574][  0]LogConfig: Setting CVar [[vr.InstancedStereo:1]]
[2019.11.18-20.17.13:574][  0]LogConfig: Setting CVar [[r.SeparateTranslucency:0]]
[2019.11.18-20.17.13:574][  0]LogConfig: Setting CVar [[r.HZBOcclusion:0]]
[2019.11.18-20.17.13:574][  0]LogConfig: Setting CVar [[r.SSR.MaxRoughness:0]]
[2019.11.18-20.17.13:574][  0]LogConfig: Setting CVar [[r.rhicmdbypass:0]]
[2019.11.18-20.17.13:574][  0]LogConfig: Applying CVar settings from Section [/Script/Engine.RendererOverrideSettings] File [C:/Users/Stephen/Dropbox/Projects/Unreal Engine/VRUnrealPrototype/VRHalloweenPrototype/Saved/Config/Windows/Engine.ini]
[2019.11.18-20.17.13:574][  0]LogConfig: Applying CVar settings from Section [/Script/Engine.StreamingSettings] File [C:/Users/Stephen/Dropbox/Projects/Unreal Engine/VRUnrealPrototype/VRHalloweenPrototype/Saved/Config/Windows/Engine.ini]
[2019.11.18-20.17.13:574][  0]LogConfig: Setting CVar [[s.MinBulkDataSizeForAsyncLoading:131072]]
[2019.11.18-20.17.13:574][  0]LogConfig: Setting CVar [[s.AsyncLoadingThreadEnabled:0]]
[2019.11.18-20.17.13:574][  0]LogConfig: Setting CVar [[s.EventDrivenLoaderEnabled:1]]
[2019.11.18-20.17.13:574][  0]LogConfig: Setting CVar [[s.WarnIfTimeLimitExceeded:0]]
[2019.11.18-20.17.13:574][  0]LogConfig: Setting CVar [[s.TimeLimitExceededMultiplier:1.5]]
[2019.11.18-20.17.13:574][  0]LogConfig: Setting CVar [[s.TimeLimitExceededMinTime:0.005]]
[2019.11.18-20.17.13:574][  0]LogConfig: Setting CVar [[s.UseBackgroundLevelStreaming:1]]
[2019.11.18-20.17.13:574][  0]LogConfig: Setting CVar [[s.PriorityAsyncLoadingExtraTime:15.0]]
[2019.11.18-20.17.13:574][  0]LogConfig: Setting CVar [[s.LevelStreamingActorsUpdateTimeLimit:5.0]]
[2019.11.18-20.17.13:574][  0]LogConfig: Setting CVar [[s.PriorityLevelStreamingActorsUpdateExtraTime:5.0]]
[2019.11.18-20.17.13:574][  0]LogConfig: Setting CVar [[s.LevelStreamingComponentsRegistrationGranularity:10]]
[2019.11.18-20.17.13:574][  0]LogConfig: Setting CVar [[s.UnregisterComponentsTimeLimit:1.0]]
[2019.11.18-20.17.13:574][  0]LogConfig: Setting CVar [[s.LevelStreamingComponentsUnregistrationGranularity:5]]
[2019.11.18-20.17.13:575][  0]LogConfig: Applying CVar settings from Section [/Script/Engine.GarbageCollectionSettings] File [C:/Users/Stephen/Dropbox/Projects/Unreal Engine/VRUnrealPrototype/VRHalloweenPrototype/Saved/Config/Windows/Engine.ini]
[2019.11.18-20.17.13:575][  0]LogConfig: Setting CVar [[gc.MaxObjectsNotConsideredByGC:1]]
[2019.11.18-20.17.13:575][  0]LogConfig: Setting CVar [[gc.SizeOfPermanentObjectPool:0]]
[2019.11.18-20.17.13:575][  0]LogConfig: Setting CVar [[gc.FlushStreamingOnGC:0]]
[2019.11.18-20.17.13:575][  0]LogConfig: Setting CVar [[gc.NumRetriesBeforeForcingGC:10]]
[2019.11.18-20.17.13:575][  0]LogConfig: Setting CVar [[gc.AllowParallelGC:1]]
[2019.11.18-20.17.13:575][  0]LogConfig: Setting CVar [[gc.TimeBetweenPurgingPendingKillObjects:61.1]]
[2019.11.18-20.17.13:575][  0]LogConfig: Setting CVar [[gc.MaxObjectsInEditor:16777216]]
[2019.11.18-20.17.13:575][  0]LogConfig: Setting CVar [[gc.IncrementalBeginDestroyEnabled:1]]
[2019.11.18-20.17.13:575][  0]LogConfig: Setting CVar [[gc.CreateGCClusters:1]]
[2019.11.18-20.17.13:575][  0]LogConfig: Setting CVar [[gc.MinGCClusterSize:5]]
[2019.11.18-20.17.13:575][  0]LogConfig: Setting CVar [[gc.ActorClusteringEnabled:0]]
[2019.11.18-20.17.13:575][  0]LogConfig: Setting CVar [[gc.BlueprintClusteringEnabled:0]]
[2019.11.18-20.17.13:575][  0]LogConfig: Setting CVar [[gc.UseDisregardForGCOnDedicatedServers:0]]
[2019.11.18-20.17.13:575][  0]LogConfig: Applying CVar settings from Section [/Script/Engine.NetworkSettings] File [C:/Users/Stephen/Dropbox/Projects/Unreal Engine/VRUnrealPrototype/VRHalloweenPrototype/Saved/Config/Windows/Engine.ini]
[2019.11.18-20.17.13:575][  0]LogConfig: Applying CVar settings from Section [/Script/UnrealEd.CookerSettings] File [C:/Users/Stephen/Dropbox/Projects/Unreal Engine/VRUnrealPrototype/VRHalloweenPrototype/Saved/Config/Windows/Engine.ini]
[2019.11.18-20.17.13:580][  0]LogConfig: Applying CVar settings from Section [ViewDistanceQuality@3] File [C:/Users/Stephen/Dropbox/Projects/Unreal Engine/VRUnrealPrototype/VRHalloweenPrototype/Saved/Config/Windows/Scalability.ini]
[2019.11.18-20.17.13:580][  0]LogConfig: Setting CVar [[r.SkeletalMeshLODBias:0]]
[2019.11.18-20.17.13:580][  0]LogConfig: Setting CVar [[r.ViewDistanceScale:1.0]]
[2019.11.18-20.17.13:580][  0]LogConfig: Applying CVar settings from Section [AntiAliasingQuality@3] File [C:/Users/Stephen/Dropbox/Projects/Unreal Engine/VRUnrealPrototype/VRHalloweenPrototype/Saved/Config/Windows/Scalability.ini]
[2019.11.18-20.17.13:580][  0]LogConfig: Setting CVar [[r.PostProcessAAQuality:3]]
[2019.11.18-20.17.13:580][  0]LogConfig: Applying CVar settings from Section [ShadowQuality@3] File [C:/Users/Stephen/Dropbox/Projects/Unreal Engine/VRUnrealPrototype/VRHalloweenPrototype/Saved/Config/Windows/Scalability.ini]
[2019.11.18-20.17.13:580][  0]LogConfig: Setting CVar [[r.LightFunctionQuality:1]]
[2019.11.18-20.17.13:580][  0]LogConfig: Setting CVar [[r.ShadowQuality:5]]
[2019.11.18-20.17.13:580][  0]LogConfig: Setting CVar [[r.Shadow.CSM.MaxCascades:10]]
[2019.11.18-20.17.13:580][  0]LogConfig: Setting CVar [[r.Shadow.MaxResolution:2048]]
[2019.11.18-20.17.13:580][  0]LogConfig: Setting CVar [[r.Shadow.MaxCSMResolution:2048]]
[2019.11.18-20.17.13:580][  0]LogConfig: Setting CVar [[r.Shadow.RadiusThreshold:0.01]]
[2019.11.18-20.17.13:580][  0]LogConfig: Setting CVar [[r.Shadow.DistanceScale:1.0]]
[2019.11.18-20.17.13:580][  0]LogConfig: Setting CVar [[r.Shadow.CSM.TransitionScale:1.0]]
[2019.11.18-20.17.13:580][  0]LogConfig: Setting CVar [[r.Shadow.PreShadowResolutionFactor:1.0]]
[2019.11.18-20.17.13:580][  0]LogConfig: Setting CVar [[r.DistanceFieldShadowing:1]]
[2019.11.18-20.17.13:580][  0]LogConfig: Setting CVar [[r.DistanceFieldAO:1]]
[2019.11.18-20.17.13:580][  0]LogConfig: Setting CVar [[r.AOQuality:2]]
[2019.11.18-20.17.13:580][  0]LogConfig: Setting CVar [[r.VolumetricFog:1]]
[2019.11.18-20.17.13:580][  0]LogConfig: Setting CVar [[r.VolumetricFog.GridPixelSize:8]]
[2019.11.18-20.17.13:580][  0]LogConfig: Setting CVar [[r.VolumetricFog.GridSizeZ:128]]
[2019.11.18-20.17.13:581][  0]LogConfig: Setting CVar [[r.VolumetricFog.HistoryMissSupersampleCount:4]]
[2019.11.18-20.17.13:581][  0]LogConfig: Setting CVar [[r.LightMaxDrawDistanceScale:1]]
[2019.11.18-20.17.13:581][  0]LogConfig: Setting CVar [[r.CapsuleShadows:1]]
[2019.11.18-20.17.13:581][  0]LogConfig: Applying CVar settings from Section [PostProcessQuality@3] File [C:/Users/Stephen/Dropbox/Projects/Unreal Engine/VRUnrealPrototype/VRHalloweenPrototype/Saved/Config/Windows/Scalability.ini]
[2019.11.18-20.17.13:581][  0]LogConfig: Setting CVar [[r.MotionBlurQuality:0]]
[2019.11.18-20.17.13:581][  0]LogConfig: Setting CVar [[r.AmbientOcclusionMipLevelFactor:0.4]]
[2019.11.18-20.17.13:581][  0]LogConfig: Setting CVar [[r.AmbientOcclusionMaxQuality:100]]
[2019.11.18-20.17.13:581][  0]LogConfig: Setting CVar [[r.AmbientOcclusionLevels:0]]
[2019.11.18-20.17.13:581][  0]LogConfig: Setting CVar [[r.AmbientOcclusionRadiusScale:1.0]]
[2019.11.18-20.17.13:581][  0]LogConfig: Setting CVar [[r.DepthOfFieldQuality:0]]
[2019.11.18-20.17.13:581][  0]LogConfig: Setting CVar [[r.RenderTargetPoolMin:400]]
[2019.11.18-20.17.13:581][  0]LogConfig: Setting CVar [[r.LensFlareQuality:0]]
[2019.11.18-20.17.13:581][  0]LogConfig: Setting CVar [[r.SceneColorFringeQuality:0]]
[2019.11.18-20.17.13:581][  0]LogConfig: Setting CVar [[r.EyeAdaptationQuality:2]]
[2019.11.18-20.17.13:581][  0]LogConfig: Setting CVar [[r.BloomQuality:1]]
[2019.11.18-20.17.13:581][  0]LogConfig: Setting CVar [[r.FastBlurThreshold:0]]
[2019.11.18-20.17.13:581][  0]LogConfig: Setting CVar [[r.Upscale.Quality:3]]
[2019.11.18-20.17.13:581][  0]LogConfig: Setting CVar [[r.Tonemapper.GrainQuantization:1]]
[2019.11.18-20.17.13:581][  0]LogConfig: Setting CVar [[r.LightShaftQuality:1]]
[2019.11.18-20.17.13:581][  0]LogConfig: Setting CVar [[r.Filter.SizeScale:1]]
[2019.11.18-20.17.13:581][  0]LogConfig: Setting CVar [[r.Tonemapper.Quality:5]]
[2019.11.18-20.17.13:581][  0]LogConfig: Setting CVar [[r.DOF.Gather.AccumulatorQuality:1        ; higher gathering accumulator quality]]
[2019.11.18-20.17.13:581][  0]LogConfig: Setting CVar [[r.DOF.Gather.PostfilterMethod:1          ; Median3x3 postfilering method]]
[2019.11.18-20.17.13:581][  0]LogConfig: Setting CVar [[r.DOF.Gather.EnableBokehSettings:0       ; no bokeh simulation when gathering]]
[2019.11.18-20.17.13:581][  0]LogConfig: Setting CVar [[r.DOF.Gather.RingCount:4                 ; medium number of samples when gathering]]
[2019.11.18-20.17.13:581][  0]LogConfig: Setting CVar [[r.DOF.Scatter.ForegroundCompositing:1    ; additive foreground scattering]]
[2019.11.18-20.17.13:581][  0]LogConfig: Setting CVar [[r.DOF.Scatter.BackgroundCompositing:2    ; additive background scattering]]
[2019.11.18-20.17.13:581][  0]LogConfig: Setting CVar [[r.DOF.Scatter.EnableBokehSettings:1      ; bokeh simulation when scattering]]
[2019.11.18-20.17.13:581][  0]LogConfig: Setting CVar [[r.DOF.Scatter.MaxSpriteRatio:0.1         ; only a maximum of 10% of scattered bokeh]]
[2019.11.18-20.17.13:581][  0]LogConfig: Setting CVar [[r.DOF.Recombine.Quality:1                ; cheap slight out of focus]]
[2019.11.18-20.17.13:581][  0]LogConfig: Setting CVar [[r.DOF.Recombine.EnableBokehSettings:0    ; no bokeh simulation on slight out of focus]]
[2019.11.18-20.17.13:581][  0]LogConfig: Setting CVar [[r.DOF.TemporalAAQuality:1                ; more stable temporal accumulation]]
[2019.11.18-20.17.13:581][  0]LogConfig: Setting CVar [[r.DOF.Kernel.MaxForegroundRadius:0.025]]
[2019.11.18-20.17.13:581][  0]LogConfig: Setting CVar [[r.DOF.Kernel.MaxBackgroundRadius:0.025]]
[2019.11.18-20.17.13:581][  0]LogConfig: Applying CVar settings from Section [TextureQuality@3] File [C:/Users/Stephen/Dropbox/Projects/Unreal Engine/VRUnrealPrototype/VRHalloweenPrototype/Saved/Config/Windows/Scalability.ini]
[2019.11.18-20.17.13:581][  0]LogConfig: Setting CVar [[r.Streaming.MipBias:0]]
[2019.11.18-20.17.13:581][  0]LogConfig: Setting CVar [[r.Streaming.AmortizeCPUToGPUCopy:0]]
[2019.11.18-20.17.13:581][  0]LogConfig: Setting CVar [[r.Streaming.MaxNumTexturesToStreamPerFrame:0]]
[2019.11.18-20.17.13:581][  0]LogConfig: Setting CVar [[r.Streaming.Boost:1]]
[2019.11.18-20.17.13:581][  0]LogConfig: Setting CVar [[r.MaxAnisotropy:8]]
[2019.11.18-20.17.13:581][  0]LogConfig: Setting CVar [[r.Streaming.LimitPoolSizeToVRAM:0]]
[2019.11.18-20.17.13:581][  0]LogConfig: Setting CVar [[r.Streaming.PoolSize:1000]]
[2019.11.18-20.17.13:581][  0]LogConfig: Setting CVar [[r.Streaming.MaxEffectiveScreenSize:0]]
[2019.11.18-20.17.13:581][  0]LogConfig: Applying CVar settings from Section [EffectsQuality@3] File [C:/Users/Stephen/Dropbox/Projects/Unreal Engine/VRUnrealPrototype/VRHalloweenPrototype/Saved/Config/Windows/Scalability.ini]
[2019.11.18-20.17.13:581][  0]LogConfig: Setting CVar [[r.TranslucencyLightingVolumeDim:4]]
[2019.11.18-20.17.13:581][  0]LogConfig: Setting CVar [[r.RefractionQuality:2]]
[2019.11.18-20.17.13:581][  0]LogConfig: Setting CVar [[r.SSR.Quality:0]]
[2019.11.18-20.17.13:581][  0]LogConfig: Setting CVar [[r.SceneColorFormat:2]]
[2019.11.18-20.17.13:581][  0]LogConfig: Setting CVar [[r.DetailMode:2]]
[2019.11.18-20.17.13:581][  0]LogConfig: Setting CVar [[r.TranslucencyVolumeBlur:0]]
[2019.11.18-20.17.13:581][  0]LogConfig: Setting CVar [[r.MaterialQualityLevel:1 ; High quality]]
[2019.11.18-20.17.13:581][  0]LogConfig: Setting CVar [[r.SSS.Scale:1]]
[2019.11.18-20.17.13:581][  0]LogConfig: Setting CVar [[r.SSS.SampleSet:2]]
[2019.11.18-20.17.13:581][  0]LogConfig: Setting CVar [[r.SSS.Quality:1]]
[2019.11.18-20.17.13:581][  0]LogConfig: Setting CVar [[r.SSS.HalfRes:1]]
[2019.11.18-20.17.13:581][  0]LogConfig: Setting CVar [[r.EmitterSpawnRateScale:1.0]]
[2019.11.18-20.17.13:581][  0]LogConfig: Setting CVar [[r.ParticleLightQuality:2]]
[2019.11.18-20.17.13:581][  0]LogConfig: Applying CVar settings from Section [FoliageQuality@3] File [C:/Users/Stephen/Dropbox/Projects/Unreal Engine/VRUnrealPrototype/VRHalloweenPrototype/Saved/Config/Windows/Scalability.ini]
[2019.11.18-20.17.13:581][  0]LogConfig: Setting CVar [[foliage.DensityScale:1.0]]
[2019.11.18-20.17.13:581][  0]LogConfig: Setting CVar [[grass.DensityScale:1.0]]
[2019.11.18-20.17.13:582][  0]LogInit: Selected Device Profile: [Windows]
[2019.11.18-20.17.13:582][  0]LogInit: Applying CVar settings loaded from the selected device profile: [Windows]
[2019.11.18-20.17.13:595][  0]LogHAL: Display: Platform has ~ 16 GB [16974917632 / 17179869184 / 16], which maps to Larger [LargestMinGB=32, LargerMinGB=12, DefaultMinGB=8, SmallerMinGB=6, SmallestMinGB=0)
[2019.11.18-20.17.13:595][  0]LogInit: Going up to parent DeviceProfile []
[2019.11.18-20.17.13:595][  0]LogConfig: Applying CVar settings from Section [ViewDistanceQuality@3] File [C:/Users/Stephen/Dropbox/Projects/Unreal Engine/VRUnrealPrototype/VRHalloweenPrototype/Saved/Config/Windows/Scalability.ini]
[2019.11.18-20.17.13:595][  0]LogConfig: Setting CVar [[r.SkeletalMeshLODBias:0]]
[2019.11.18-20.17.13:595][  0]LogConfig: Setting CVar [[r.ViewDistanceScale:1.0]]
[2019.11.18-20.17.13:595][  0]LogConfig: Applying CVar settings from Section [AntiAliasingQuality@3] File [C:/Users/Stephen/Dropbox/Projects/Unreal Engine/VRUnrealPrototype/VRHalloweenPrototype/Saved/Config/Windows/Scalability.ini]
[2019.11.18-20.17.13:595][  0]LogConfig: Setting CVar [[r.PostProcessAAQuality:3]]
[2019.11.18-20.17.13:595][  0]LogConfig: Applying CVar settings from Section [ShadowQuality@3] File [C:/Users/Stephen/Dropbox/Projects/Unreal Engine/VRUnrealPrototype/VRHalloweenPrototype/Saved/Config/Windows/Scalability.ini]
[2019.11.18-20.17.13:595][  0]LogConfig: Setting CVar [[r.LightFunctionQuality:1]]
[2019.11.18-20.17.13:595][  0]LogConfig: Setting CVar [[r.ShadowQuality:5]]
[2019.11.18-20.17.13:595][  0]LogConfig: Setting CVar [[r.Shadow.CSM.MaxCascades:10]]
[2019.11.18-20.17.13:595][  0]LogConfig: Setting CVar [[r.Shadow.MaxResolution:2048]]
[2019.11.18-20.17.13:595][  0]LogConfig: Setting CVar [[r.Shadow.MaxCSMResolution:2048]]
[2019.11.18-20.17.13:595][  0]LogConfig: Setting CVar [[r.Shadow.RadiusThreshold:0.01]]
[2019.11.18-20.17.13:595][  0]LogConfig: Setting CVar [[r.Shadow.DistanceScale:1.0]]
[2019.11.18-20.17.13:595][  0]LogConfig: Setting CVar [[r.Shadow.CSM.TransitionScale:1.0]]
[2019.11.18-20.17.13:595][  0]LogConfig: Setting CVar [[r.Shadow.PreShadowResolutionFactor:1.0]]
[2019.11.18-20.17.13:595][  0]LogConfig: Setting CVar [[r.DistanceFieldShadowing:1]]
[2019.11.18-20.17.13:595][  0]LogConfig: Setting CVar [[r.DistanceFieldAO:1]]
[2019.11.18-20.17.13:595][  0]LogConfig: Setting CVar [[r.AOQuality:2]]
[2019.11.18-20.17.13:595][  0]LogConfig: Setting CVar [[r.VolumetricFog:1]]
[2019.11.18-20.17.13:595][  0]LogConfig: Setting CVar [[r.VolumetricFog.GridPixelSize:8]]
[2019.11.18-20.17.13:595][  0]LogConfig: Setting CVar [[r.VolumetricFog.GridSizeZ:128]]
[2019.11.18-20.17.13:595][  0]LogConfig: Setting CVar [[r.VolumetricFog.HistoryMissSupersampleCount:4]]
[2019.11.18-20.17.13:595][  0]LogConfig: Setting CVar [[r.LightMaxDrawDistanceScale:1]]
[2019.11.18-20.17.13:595][  0]LogConfig: Setting CVar [[r.CapsuleShadows:1]]
[2019.11.18-20.17.13:595][  0]LogConfig: Applying CVar settings from Section [PostProcessQuality@3] File [C:/Users/Stephen/Dropbox/Projects/Unreal Engine/VRUnrealPrototype/VRHalloweenPrototype/Saved/Config/Windows/Scalability.ini]
[2019.11.18-20.17.13:595][  0]LogConfig: Setting CVar [[r.MotionBlurQuality:0]]
[2019.11.18-20.17.13:595][  0]LogConfig: Setting CVar [[r.AmbientOcclusionMipLevelFactor:0.4]]
[2019.11.18-20.17.13:595][  0]LogConfig: Setting CVar [[r.AmbientOcclusionMaxQuality:100]]
[2019.11.18-20.17.13:595][  0]LogConfig: Setting CVar [[r.AmbientOcclusionLevels:0]]
[2019.11.18-20.17.13:595][  0]LogConfig: Setting CVar [[r.AmbientOcclusionRadiusScale:1.0]]
[2019.11.18-20.17.13:595][  0]LogConfig: Setting CVar [[r.DepthOfFieldQuality:0]]
[2019.11.18-20.17.13:595][  0]LogConfig: Setting CVar [[r.RenderTargetPoolMin:400]]
[2019.11.18-20.17.13:595][  0]LogConfig: Setting CVar [[r.LensFlareQuality:0]]
[2019.11.18-20.17.13:595][  0]LogConfig: Setting CVar [[r.SceneColorFringeQuality:0]]
[2019.11.18-20.17.13:595][  0]LogConfig: Setting CVar [[r.EyeAdaptationQuality:2]]
[2019.11.18-20.17.13:595][  0]LogConfig: Setting CVar [[r.BloomQuality:1]]
[2019.11.18-20.17.13:595][  0]LogConfig: Setting CVar [[r.FastBlurThreshold:0]]
[2019.11.18-20.17.13:595][  0]LogConfig: Setting CVar [[r.Upscale.Quality:3]]
[2019.11.18-20.17.13:595][  0]LogConfig: Setting CVar [[r.Tonemapper.GrainQuantization:1]]
[2019.11.18-20.17.13:595][  0]LogConfig: Setting CVar [[r.LightShaftQuality:1]]
[2019.11.18-20.17.13:595][  0]LogConfig: Setting CVar [[r.Filter.SizeScale:1]]
[2019.11.18-20.17.13:595][  0]LogConfig: Setting CVar [[r.Tonemapper.Quality:5]]
[2019.11.18-20.17.13:595][  0]LogConfig: Setting CVar [[r.DOF.Gather.AccumulatorQuality:1        ; higher gathering accumulator quality]]
[2019.11.18-20.17.13:595][  0]LogConfig: Setting CVar [[r.DOF.Gather.PostfilterMethod:1          ; Median3x3 postfilering method]]
[2019.11.18-20.17.13:596][  0]LogConfig: Setting CVar [[r.DOF.Gather.EnableBokehSettings:0       ; no bokeh simulation when gathering]]
[2019.11.18-20.17.13:596][  0]LogConfig: Setting CVar [[r.DOF.Gather.RingCount:4                 ; medium number of samples when gathering]]
[2019.11.18-20.17.13:596][  0]LogConfig: Setting CVar [[r.DOF.Scatter.ForegroundCompositing:1    ; additive foreground scattering]]
[2019.11.18-20.17.13:596][  0]LogConfig: Setting CVar [[r.DOF.Scatter.BackgroundCompositing:2    ; additive background scattering]]
[2019.11.18-20.17.13:596][  0]LogConfig: Setting CVar [[r.DOF.Scatter.EnableBokehSettings:1      ; bokeh simulation when scattering]]
[2019.11.18-20.17.13:596][  0]LogConfig: Setting CVar [[r.DOF.Scatter.MaxSpriteRatio:0.1         ; only a maximum of 10% of scattered bokeh]]
[2019.11.18-20.17.13:596][  0]LogConfig: Setting CVar [[r.DOF.Recombine.Quality:1                ; cheap slight out of focus]]
[2019.11.18-20.17.13:596][  0]LogConfig: Setting CVar [[r.DOF.Recombine.EnableBokehSettings:0    ; no bokeh simulation on slight out of focus]]
[2019.11.18-20.17.13:596][  0]LogConfig: Setting CVar [[r.DOF.TemporalAAQuality:1                ; more stable temporal accumulation]]
[2019.11.18-20.17.13:596][  0]LogConfig: Setting CVar [[r.DOF.Kernel.MaxForegroundRadius:0.025]]
[2019.11.18-20.17.13:596][  0]LogConfig: Setting CVar [[r.DOF.Kernel.MaxBackgroundRadius:0.025]]
[2019.11.18-20.17.13:596][  0]LogConfig: Applying CVar settings from Section [TextureQuality@3] File [C:/Users/Stephen/Dropbox/Projects/Unreal Engine/VRUnrealPrototype/VRHalloweenPrototype/Saved/Config/Windows/Scalability.ini]
[2019.11.18-20.17.13:596][  0]LogConfig: Setting CVar [[r.Streaming.MipBias:0]]
[2019.11.18-20.17.13:596][  0]LogConfig: Setting CVar [[r.Streaming.AmortizeCPUToGPUCopy:0]]
[2019.11.18-20.17.13:596][  0]LogConfig: Setting CVar [[r.Streaming.MaxNumTexturesToStreamPerFrame:0]]
[2019.11.18-20.17.13:596][  0]LogConfig: Setting CVar [[r.Streaming.Boost:1]]
[2019.11.18-20.17.13:596][  0]LogConfig: Setting CVar [[r.MaxAnisotropy:8]]
[2019.11.18-20.17.13:596][  0]LogConfig: Setting CVar [[r.Streaming.LimitPoolSizeToVRAM:0]]
[2019.11.18-20.17.13:596][  0]LogConfig: Setting CVar [[r.Streaming.PoolSize:1000]]
[2019.11.18-20.17.13:596][  0]LogConfig: Setting CVar [[r.Streaming.MaxEffectiveScreenSize:0]]
[2019.11.18-20.17.13:596][  0]LogConfig: Applying CVar settings from Section [EffectsQuality@3] File [C:/Users/Stephen/Dropbox/Projects/Unreal Engine/VRUnrealPrototype/VRHalloweenPrototype/Saved/Config/Windows/Scalability.ini]
[2019.11.18-20.17.13:596][  0]LogConfig: Setting CVar [[r.TranslucencyLightingVolumeDim:4]]
[2019.11.18-20.17.13:596][  0]LogConfig: Setting CVar [[r.RefractionQuality:2]]
[2019.11.18-20.17.13:596][  0]LogConfig: Setting CVar [[r.SSR.Quality:0]]
[2019.11.18-20.17.13:596][  0]LogConfig: Setting CVar [[r.SceneColorFormat:2]]
[2019.11.18-20.17.13:596][  0]LogConfig: Setting CVar [[r.DetailMode:2]]
[2019.11.18-20.17.13:596][  0]LogConfig: Setting CVar [[r.TranslucencyVolumeBlur:0]]
[2019.11.18-20.17.13:596][  0]LogConfig: Setting CVar [[r.MaterialQualityLevel:1 ; High quality]]
[2019.11.18-20.17.13:596][  0]LogConfig: Setting CVar [[r.SSS.Scale:1]]
[2019.11.18-20.17.13:596][  0]LogConfig: Setting CVar [[r.SSS.SampleSet:2]]
[2019.11.18-20.17.13:596][  0]LogConfig: Setting CVar [[r.SSS.Quality:1]]
[2019.11.18-20.17.13:596][  0]LogConfig: Setting CVar [[r.SSS.HalfRes:1]]
[2019.11.18-20.17.13:596][  0]LogConfig: Setting CVar [[r.EmitterSpawnRateScale:1.0]]
[2019.11.18-20.17.13:596][  0]LogConfig: Setting CVar [[r.ParticleLightQuality:2]]
[2019.11.18-20.17.13:596][  0]LogConfig: Applying CVar settings from Section [FoliageQuality@3] File [C:/Users/Stephen/Dropbox/Projects/Unreal Engine/VRUnrealPrototype/VRHalloweenPrototype/Saved/Config/Windows/Scalability.ini]
[2019.11.18-20.17.13:596][  0]LogConfig: Setting CVar [[foliage.DensityScale:1.0]]
[2019.11.18-20.17.13:596][  0]LogConfig: Setting CVar [[grass.DensityScale:1.0]]
[2019.11.18-20.17.13:596][  0]LogConfig: Applying CVar settings from Section [Startup] File [../../../Engine/Config/ConsoleVariables.ini]
[2019.11.18-20.17.13:602][  0]LogConfig: Setting CVar [[net.UseAdaptiveNetUpdateFrequency:0]]
[2019.11.18-20.17.13:602][  0]LogConfig: Setting CVar [[p.chaos.AllowCreatePhysxBodies:1]]
[2019.11.18-20.17.13:602][  0]LogConfig: Applying CVar settings from Section [ConsoleVariables] File [C:/Users/Stephen/Dropbox/Projects/Unreal Engine/VRUnrealPrototype/VRHalloweenPrototype/Saved/Config/Windows/Engine.ini]
[2019.11.18-20.17.13:603][  0]LogInit: Computer: LINKTHETWINK
[2019.11.18-20.17.13:603][  0]LogInit: User: Stephen
[2019.11.18-20.17.13:603][  0]LogInit: CPU Page size=4096, Cores=6
[2019.11.18-20.17.13:603][  0]LogInit: High frequency timer resolution =10.000000 MHz
[2019.11.18-20.17.13:603][  0]LogMemory: Memory total: Physical=15.8GB (16GB approx)
[2019.11.18-20.17.13:604][  0]LogMemory: Platform Memory Stats for Windows
[2019.11.18-20.17.13:604][  0]LogMemory: Process Physical Memory: 106.16 MB used, 106.17 MB peak
[2019.11.18-20.17.13:604][  0]LogMemory: Process Virtual Memory: 105.83 MB used, 105.83 MB peak
[2019.11.18-20.17.13:604][  0]LogMemory: Physical Memory: 12343.94 MB used,  3844.60 MB free, 16188.54 MB total
[2019.11.18-20.17.13:604][  0]LogMemory: Virtual Memory: 4711.46 MB used,  134213016.00 MB free, 134217728.00 MB total
[2019.11.18-20.17.13:612][  0]LogWindows: WindowsPlatformFeatures enabled
[2019.11.18-20.17.13:821][  0]LogInit: Using OS detected language (en-US).
[2019.11.18-20.17.13:821][  0]LogInit: Using OS detected locale (en-US).
[2019.11.18-20.17.13:823][  0]LogTextLocalizationManager: No specific localization for 'en-US' exists, so the 'en' localization will be used.
[2019.11.18-20.17.14:168][  0]LogInit: Setting process to per monitor DPI aware
[2019.11.18-20.17.14:293][  0]LogSlate: New Slate User Created.  User Index 0, Is Virtual User: 0
[2019.11.18-20.17.14:293][  0]LogSlate: Slate User Registered.  User Index 0, Is Virtual User: 0
[2019.11.18-20.17.16:580][  0]LogHMD: Failed to initialize OpenVR with code 110
[2019.11.18-20.17.16:580][  0]LogD3D11RHI: D3D11 adapters:
[2019.11.18-20.17.16:736][  0]LogD3D11RHI:    0. 'NVIDIA Quadro P5200' (Feature Level 11_0)
[2019.11.18-20.17.16:736][  0]LogD3D11RHI:       16255/0/8094 MB DedicatedVideo/DedicatedSystem/SharedSystem, Outputs:1, VendorId:0x10de
[2019.11.18-20.17.16:761][  0]LogD3D11RHI:    1. 'Intel(R) UHD Graphics 630' (Feature Level 11_0)
[2019.11.18-20.17.16:761][  0]LogD3D11RHI:       128/0/8094 MB DedicatedVideo/DedicatedSystem/SharedSystem, Outputs:0, VendorId:0x8086
[2019.11.18-20.17.16:767][  0]LogD3D11RHI:    2. 'Microsoft Basic Render Driver' (Feature Level 11_0)
[2019.11.18-20.17.16:767][  0]LogD3D11RHI:       0/0/8094 MB DedicatedVideo/DedicatedSystem/SharedSystem, Outputs:0, VendorId:0x1414
[2019.11.18-20.17.16:767][  0]LogD3D11RHI: Chosen D3D11 Adapter: 0
[2019.11.18-20.17.16:811][  0]LogD3D11RHI: Creating new Direct3DDevice
[2019.11.18-20.17.16:812][  0]LogD3D11RHI:     GPU DeviceId: 0x1bb5 (for the marketing name, search the web for "GPU Device Id")
[2019.11.18-20.17.16:812][  0]LogWindows: EnumDisplayDevices:
[2019.11.18-20.17.16:812][  0]LogWindows:    0. 'Intel(R) UHD Graphics 630' (P:1 D:1)
[2019.11.18-20.17.16:813][  0]LogWindows:    1. 'Intel(R) UHD Graphics 630' (P:0 D:0)
[2019.11.18-20.17.16:813][  0]LogWindows:    2. 'Intel(R) UHD Graphics 630' (P:0 D:0)
[2019.11.18-20.17.16:814][  0]LogWindows:    3. 'NVIDIA Quadro P5200' (P:0 D:0)
[2019.11.18-20.17.16:815][  0]LogWindows:    4. 'NVIDIA Quadro P5200' (P:0 D:0)
[2019.11.18-20.17.16:815][  0]LogWindows:    5. 'NVIDIA Quadro P5200' (P:0 D:0)
[2019.11.18-20.17.16:816][  0]LogWindows:    6. 'NVIDIA Quadro P5200' (P:0 D:0)
[2019.11.18-20.17.16:816][  0]LogWindows: DebugString: PrimaryIsNotTheChoosenAdapter PrimaryIsNotTheChoosenAdapter PrimaryIsNotTheChoosenAdapter FoundDriverCount:4 
[2019.11.18-20.17.16:816][  0]LogD3D11RHI:     Adapter Name: NVIDIA Quadro P5200
[2019.11.18-20.17.16:817][  0]LogD3D11RHI:   Driver Version: 425.53 (internal:25.21.14.2553, unified:425.53)
[2019.11.18-20.17.16:817][  0]LogD3D11RHI:      Driver Date: 5-6-2019
[2019.11.18-20.17.16:817][  0]LogRHI: Texture pool is 11378 MB (70% of 16255 MB)
[2019.11.18-20.17.16:895][  0]LogD3D11RHI: Async texture creation enabled
[2019.11.18-20.17.16:929][  0]LogD3D11RHI: GPU Timing Frequency: 1000.000000 (Debug: 2 1)
[2019.11.18-20.17.17:311][  0]LogTemp: Display: Module 'AllDesktopTargetPlatform' loaded TargetPlatform 'AllDesktop'
[2019.11.18-20.17.17:323][  0]LogTemp: Display: Module 'MacClientTargetPlatform' loaded TargetPlatform 'MacClient'
[2019.11.18-20.17.17:333][  0]LogTemp: Display: Module 'MacNoEditorTargetPlatform' loaded TargetPlatform 'MacNoEditor'
[2019.11.18-20.17.17:344][  0]LogTemp: Display: Module 'MacServerTargetPlatform' loaded TargetPlatform 'MacServer'
[2019.11.18-20.17.17:360][  0]LogTemp: Display: Module 'MacTargetPlatform' loaded TargetPlatform 'Mac'
[2019.11.18-20.17.17:372][  0]LogTemp: Display: Module 'WindowsClientTargetPlatform' loaded TargetPlatform 'WindowsClient'
[2019.11.18-20.17.17:383][  0]LogTemp: Display: Module 'WindowsNoEditorTargetPlatform' loaded TargetPlatform 'WindowsNoEditor'
[2019.11.18-20.17.17:394][  0]LogTemp: Display: Module 'WindowsServerTargetPlatform' loaded TargetPlatform 'WindowsServer'
[2019.11.18-20.17.17:400][  0]LogTemp: Display: Module 'WindowsTargetPlatform' loaded TargetPlatform 'Windows'
[2019.11.18-20.17.17:444][  0]LogTemp: Display: Module 'AndroidTargetPlatform' loaded TargetPlatform 'Android'
[2019.11.18-20.17.17:444][  0]LogTemp: Display: Module 'AndroidTargetPlatform' loaded TargetPlatform 'Android_ASTC'
[2019.11.18-20.17.17:444][  0]LogTemp: Display: Module 'AndroidTargetPlatform' loaded TargetPlatform 'Android_ATC'
[2019.11.18-20.17.17:444][  0]LogTemp: Display: Module 'AndroidTargetPlatform' loaded TargetPlatform 'Android_DXT'
[2019.11.18-20.17.17:444][  0]LogTemp: Display: Module 'AndroidTargetPlatform' loaded TargetPlatform 'Android_ETC1'
[2019.11.18-20.17.17:444][  0]LogTemp: Display: Module 'AndroidTargetPlatform' loaded TargetPlatform 'Android_ETC1a'
[2019.11.18-20.17.17:444][  0]LogTemp: Display: Module 'AndroidTargetPlatform' loaded TargetPlatform 'Android_ETC2'
[2019.11.18-20.17.17:444][  0]LogTemp: Display: Module 'AndroidTargetPlatform' loaded TargetPlatform 'Android_PVRTC'
[2019.11.18-20.17.17:444][  0]LogTemp: Display: Module 'AndroidTargetPlatform' loaded TargetPlatform 'AndroidClient'
[2019.11.18-20.17.17:444][  0]LogTemp: Display: Module 'AndroidTargetPlatform' loaded TargetPlatform 'Android_ASTCClient'
[2019.11.18-20.17.17:444][  0]LogTemp: Display: Module 'AndroidTargetPlatform' loaded TargetPlatform 'Android_ATCClient'
[2019.11.18-20.17.17:444][  0]LogTemp: Display: Module 'AndroidTargetPlatform' loaded TargetPlatform 'Android_DXTClient'
[2019.11.18-20.17.17:444][  0]LogTemp: Display: Module 'AndroidTargetPlatform' loaded TargetPlatform 'Android_ETC1Client'
[2019.11.18-20.17.17:444][  0]LogTemp: Display: Module 'AndroidTargetPlatform' loaded TargetPlatform 'Android_ETC1aClient'
[2019.11.18-20.17.17:444][  0]LogTemp: Display: Module 'AndroidTargetPlatform' loaded TargetPlatform 'Android_ETC2Client'
[2019.11.18-20.17.17:444][  0]LogTemp: Display: Module 'AndroidTargetPlatform' loaded TargetPlatform 'Android_PVRTCClient'
[2019.11.18-20.17.17:444][  0]LogTemp: Display: Module 'AndroidTargetPlatform' loaded TargetPlatform 'Android_Multi'
[2019.11.18-20.17.17:444][  0]LogTemp: Display: Module 'AndroidTargetPlatform' loaded TargetPlatform 'Android_MultiClient'
[2019.11.18-20.17.17:449][  0]LogTemp: Display: Module 'HTML5TargetPlatform' loaded TargetPlatform 'HTML5'
[2019.11.18-20.17.17:480][  0]LogTemp: Display: Module 'IOSTargetPlatform' loaded TargetPlatform 'IOSClient'
[2019.11.18-20.17.17:480][  0]LogTemp: Display: Module 'IOSTargetPlatform' loaded TargetPlatform 'IOS'
[2019.11.18-20.17.17:495][  0]LogTemp: Display: Module 'TVOSTargetPlatform' loaded TargetPlatform 'TVOSClient'
[2019.11.18-20.17.17:495][  0]LogTemp: Display: Module 'TVOSTargetPlatform' loaded TargetPlatform 'TVOS'
[2019.11.18-20.17.17:504][  0]LogTemp: Display: Module 'LinuxClientTargetPlatform' loaded TargetPlatform 'LinuxClient'
[2019.11.18-20.17.17:514][  0]LogTemp: Display: Module 'LinuxNoEditorTargetPlatform' loaded TargetPlatform 'LinuxNoEditor'
[2019.11.18-20.17.17:524][  0]LogTemp: Display: Module 'LinuxServerTargetPlatform' loaded TargetPlatform 'LinuxServer'
[2019.11.18-20.17.17:543][  0]LogTemp: Display: Module 'LinuxTargetPlatform' loaded TargetPlatform 'Linux'
[2019.11.18-20.17.17:574][  0]LogTemp: Display: Module 'LuminTargetPlatform' loaded TargetPlatform 'Lumin'
[2019.11.18-20.17.17:574][  0]LogTemp: Display: Module 'LuminTargetPlatform' loaded TargetPlatform 'LuminClient'
[2019.11.18-20.17.17:575][  0]LogTargetPlatformManager: Display: Building Assets For Windows
[2019.11.18-20.17.17:619][  0]LogAudioDebug: Display: Lib vorbis DLL was dynamically loaded.
[2019.11.18-20.17.17:745][  0]LogShaderCompilers: Guid format shader working directory is -53 characters bigger than the processId version (../../../../../../Users/Stephen/Dropbox/Projects/Unreal Engine/VRUnrealPrototype/VRHalloweenPrototype/Intermediate/Shaders/WorkingDirectory/3568/).
[2019.11.18-20.17.17:746][  0]LogShaderCompilers: Cleaned the shader compiler working directory 'C:/Users/Stephen/AppData/Local/Temp/UnrealShaderWorkingDir/58F9E71D41FBF2A9EFF0598D8893B38D/'.
[2019.11.18-20.17.17:749][  0]LogXGEController: Cleaning working directory: C:/Users/Stephen/AppData/Local/Temp/UnrealXGEWorkingDir/
[2019.11.18-20.17.17:749][  0]LogXGEController: Cannot use XGE Controller as Incredibuild is not installed on this machine.
[2019.11.18-20.17.17:750][  0]LogShaderCompilers: Cannot use XGE Shader Compiler as Incredibuild is not installed on this machine.
[2019.11.18-20.17.17:750][  0]LogShaderCompilers: Display: Using Local Shader Compiler.
[2019.11.18-20.17.20:149][  0]LogDerivedDataCache: Display: Max Cache Size: 512 MB
[2019.11.18-20.17.20:272][  0]LogDerivedDataCache: Loaded boot cache 0.12s 93MB C:/Users/Stephen/AppData/Local/UnrealEngine/4.23/DerivedDataCache/Boot.ddc.
[2019.11.18-20.17.20:272][  0]LogDerivedDataCache: Display: Loaded Boot cache: C:/Users/Stephen/AppData/Local/UnrealEngine/4.23/DerivedDataCache/Boot.ddc
[2019.11.18-20.17.20:272][  0]LogDerivedDataCache: FDerivedDataBackendGraph:  Pak pak cache file ../../../../../../Users/Stephen/Dropbox/Projects/Unreal Engine/VRUnrealPrototype/VRHalloweenPrototype/DerivedDataCache/DDC.ddp not found, will not use a pak cache.
[2019.11.18-20.17.20:272][  0]LogDerivedDataCache: Unable to find inner node Pak for hierarchical cache Hierarchy.
[2019.11.18-20.17.20:272][  0]LogDerivedDataCache: FDerivedDataBackendGraph:  CompressedPak pak cache file ../../../../../../Users/Stephen/Dropbox/Projects/Unreal Engine/VRUnrealPrototype/VRHalloweenPrototype/DerivedDataCache/Compressed.ddp not found, will not use a pak cache.
[2019.11.18-20.17.20:272][  0]LogDerivedDataCache: Unable to find inner node CompressedPak for hierarchical cache Hierarchy.
[2019.11.18-20.17.20:289][  0]LogDerivedDataCache: Display: Pak cache opened for reading ../../../Engine/DerivedDataCache/Compressed.ddp.
[2019.11.18-20.17.20:290][  0]LogDerivedDataCache: FDerivedDataBackendGraph:  EnterprisePak pak cache file ../../../Enterprise/DerivedDataCache/Compressed.ddp not found, will not use a pak cache.
[2019.11.18-20.17.20:290][  0]LogDerivedDataCache: Unable to find inner node EnterprisePak for hierarchical cache Hierarchy.
[2019.11.18-20.17.20:291][  0]LogDerivedDataCache: Using Local data cache path C:/Users/Stephen/AppData/Local/UnrealEngine/Common/DerivedDataCache: Writable
[2019.11.18-20.17.20:291][  0]LogDerivedDataCache: Shared data cache path not found in *engine.ini, will not use an Shared cache.
[2019.11.18-20.17.20:291][  0]LogDerivedDataCache: Unable to find inner node Shared for hierarchical cache Hierarchy.
[2019.11.18-20.17.20:324][  0]LogMaterial: Verifying Global Shaders for PCD3D_SM5
[2019.11.18-20.17.20:331][  0]LogSlate: Using FreeType 2.6.0
[2019.11.18-20.17.20:350][  0]LogSlate: SlateFontServices - WITH_FREETYPE: 1, WITH_HARFBUZZ: 1
[2019.11.18-20.17.20:641][  0]LogAssetRegistry: FAssetRegistry took 0.0049 seconds to start up
[2019.11.18-20.17.21:131][  0]LogInit: Selected Device Profile: [Windows]
[2019.11.18-20.17.21:470][  0]LogMeshReduction: Using QuadricMeshReduction for automatic static mesh reduction
[2019.11.18-20.17.21:470][  0]LogMeshReduction: Using SimplygonMeshReduction for automatic skeletal mesh reduction
[2019.11.18-20.17.21:470][  0]LogMeshReduction: Using ProxyLODMeshReduction for automatic mesh merging
[2019.11.18-20.17.21:470][  0]LogMeshReduction: No distributed automatic mesh merging module available
[2019.11.18-20.17.21:470][  0]LogMeshMerging: No distributed automatic mesh merging module available
[2019.11.18-20.17.21:530][  0]LogNetVersion: VRHalloweenPrototype 1.0.0, NetCL: 8386587, EngineNetVer: 11, GameNetVer: 0 (Checksum: 1055832047)
[2019.11.18-20.17.22:785][  0]LogPackageLocalizationCache: Processed 12 localized package path(s) for 1 prioritized culture(s) in 0.082128 seconds
[2019.11.18-20.17.22:795][  0]LogUObjectArray: 43444 objects as part of root set at end of initial load.
[2019.11.18-20.17.22:795][  0]LogUObjectAllocator: 7548648 out of 0 bytes used by permanent object pool.
[2019.11.18-20.17.22:795][  0]LogUObjectArray: CloseDisregardForGC: 0/0 objects in disregard for GC pool
[2019.11.18-20.17.27:313][  0]LogTcpMessaging: Initializing TcpMessaging bridge
[2019.11.18-20.17.27:324][  0]LogUdpMessaging: Initializing bridge on interface 0.0.0.0:0 to multicast group 230.0.0.1:6666.
[2019.11.18-20.17.27:525][  0]SourceControl: Source control is disabled
[2019.11.18-20.17.27:525][  0]SourceControl: Source control is disabled
[2019.11.18-20.17.27:534][  0]SourceControl: Source control is disabled
[2019.11.18-20.17.27:537][  0]SourceControl: Source control is disabled
[2019.11.18-20.17.27:872][  0]LogAndroidPermission: UAndroidPermissionCallbackProxy::GetInstance
[2019.11.18-20.17.28:149][  0]LogOcInput: OculusInput pre-init called
[2019.11.18-20.17.29:112][  0]LogEngine: Initializing Engine...
[2019.11.18-20.17.29:114][  0]LogHMD: Failed to initialize OpenVR with code 110
[2019.11.18-20.17.29:117][  0]LogStats: UGameplayTagsManager::InitializeManager -  0.001 s
[2019.11.18-20.17.29:566][  0]LogInit: Initializing FReadOnlyCVARCache
[2019.11.18-20.17.29:614][  0]LogAIModule: Creating AISystem for world Untitled
[2019.11.18-20.17.29:691][  0]LogInit: XAudio2 using 'Speakers (Conexant ISST Audio)' : 2 channels at 48 kHz using 32 bits per sample (channel mask 0x3)
[2019.11.18-20.17.29:914][  0]LogInit: FAudioDevice initialized.
[2019.11.18-20.17.29:915][  0]LogNetVersion: Set ProjectVersion to 1.0.0.0. Version Checksum will be recalculated on next use.
[2019.11.18-20.17.29:978][  0]LogDerivedDataCache: Saved boot cache 0.06s 77MB C:/Users/Stephen/AppData/Local/UnrealEngine/4.23/DerivedDataCache/Boot.ddc.
[2019.11.18-20.17.29:993][  0]LogInit: Texture streaming: Enabled
[2019.11.18-20.17.30:023][  0]LogEngineSessionManager: EngineSessionManager initialized
[2019.11.18-20.17.30:023][  0]LogEditorSessionSummary: Verbose: Initializing EditorSessionSummaryWriter for editor session tracking
[2019.11.18-20.17.30:027][  0]LogEditorSessionSummary: EditorSessionSummaryWriter initialized
[2019.11.18-20.17.30:116][  0]LogInit: Transaction tracking system initialized
[2019.11.18-20.17.30:190][  0]BlueprintLog: New page: Editor Load
[2019.11.18-20.17.30:358][  0]LocalizationService: Localization service is disabled
[2019.11.18-20.17.31:134][  0]LogFileCache: Scanning file cache for directory 'C:/Users/Stephen/Dropbox/Projects/Unreal Engine/VRUnrealPrototype/VRHalloweenPrototype/Content/' took 0.01s
[2019.11.18-20.17.31:134][  0]LogCook: Display: Max memory allowance for cook 16384mb min free memory 0mb
[2019.11.18-20.17.31:134][  0]LogCook: Display: Mobile HDR setting 1
[2019.11.18-20.17.31:643][  0]SourceControl: Source control is disabled
[2019.11.18-20.17.31:650][  0]LightingResults: New page: Lighting Build
[2019.11.18-20.17.31:657][  0]LogWorld: UWorld::CleanupWorld for Untitled, bSessionEnded=true, bCleanupResources=true
[2019.11.18-20.17.31:660][  0]MapCheck: New page: Map Check
[2019.11.18-20.17.31:660][  0]LightingResults: New page: Lighting Build
[2019.11.18-20.17.31:690][  0]LogUObjectHash: Compacting FUObjectHashTables data took   1.59ms
[2019.11.18-20.17.31:693][  0]LogLinker: Warning: While loading '../../../../../../Users/Stephen/Dropbox/Projects/Unreal Engine/VRUnrealPrototype/VRHalloweenPrototype/Content/VirtualRealityBP/Maps/StartupMap.umap' failed to load '/Game/VirtualRealityBP/Maps/StartupMap_BuiltData': Can't find file.
[2019.11.18-20.17.31:694][  0]LogLinker: Warning: While loading '../../../../../../Users/Stephen/Dropbox/Projects/Unreal Engine/VRUnrealPrototype/VRHalloweenPrototype/Content/VirtualRealityBP/Maps/StartupMap.umap' failed to load '/Game/VirtualRealityBP/Maps/StartupMap_BuiltData': Can't find file.
[2019.11.18-20.17.31:830][  0]LogLinker: Warning: While loading '../../../../../../Users/Stephen/Dropbox/Projects/Unreal Engine/VRUnrealPrototype/VRHalloweenPrototype/Content/VirtualRealityBP/Maps/StartupMap.umap' failed to load '/Game/VirtualRealityBP/Maps/StartupMap_BuiltData': Can't find file.
[2019.11.18-20.17.31:830][  0]LogLinker: Warning: While loading '../../../../../../Users/Stephen/Dropbox/Projects/Unreal Engine/VRUnrealPrototype/VRHalloweenPrototype/Content/VirtualRealityBP/Maps/StartupMap.umap' failed to load '/Game/VirtualRealityBP/Maps/StartupMap_BuiltData': Can't find file.
[2019.11.18-20.17.31:838][  0]LogLinker: Warning: While loading '../../../../../../Users/Stephen/Dropbox/Projects/Unreal Engine/VRUnrealPrototype/VRHalloweenPrototype/Content/VirtualRealityBP/Maps/StartupMap.umap' failed to load '/Game/VirtualRealityBP/Maps/StartupMap_BuiltData': Can't find file.
[2019.11.18-20.17.31:838][  0]LoadErrors: Failed to load /Game/VirtualRealityBP/Maps/StartupMap_BuiltData.StartupMap_BuiltData Referenced by PersistentLevel
[2019.11.18-20.17.31:838][  0]LogLinker: Warning: While loading '../../../../../../Users/Stephen/Dropbox/Projects/Unreal Engine/VRUnrealPrototype/VRHalloweenPrototype/Content/VirtualRealityBP/Maps/StartupMap.umap' failed to load '/Game/VirtualRealityBP/Maps/StartupMap_BuiltData': Can't find file.
[2019.11.18-20.17.31:838][  0]LoadErrors: Failed to load /Game/VirtualRealityBP/Maps/StartupMap_BuiltData.StartupMap_BuiltData Referenced by PersistentLevel
[2019.11.18-20.17.32:093][  0]LogAIModule: Creating AISystem for world StartupMap
[2019.11.18-20.17.32:120][  0]LogEditorServer: Finished looking for orphan Actors (0.000 secs)
[2019.11.18-20.17.32:152][  0]LogUObjectHash: Compacting FUObjectHashTables data took   1.44ms
[2019.11.18-20.17.32:152][  0]Cmd: MAP CHECKDEP NOCLEARLOG
[2019.11.18-20.17.32:152][  0]MapCheck: Map check complete: 0 Error(s), 0 Warning(s), took 0.42ms to complete.
[2019.11.18-20.17.32:153][  0]LogFileHelpers: Loading map 'StartupMap' took 0.509
[2019.11.18-20.17.32:336][  0]LogSlate: Updating window title bar state: overlay mode, drag disabled, window buttons hidden, title bar hidden
[2019.11.18-20.17.32:344][  0]LogSlate: Updating window title bar state: overlay mode, drag disabled, window buttons hidden, title bar hidden
[2019.11.18-20.17.32:351][  0]LogSlate: Updating window title bar state: overlay mode, drag disabled, window buttons hidden, title bar hidden
[2019.11.18-20.17.32:359][  0]LogSlate: Updating window title bar state: overlay mode, drag disabled, window buttons hidden, title bar hidden
[2019.11.18-20.17.32:378][  0]LogCollectionManager: Loaded 0 collections in 0.001800 seconds
[2019.11.18-20.17.32:398][  0]LogFileCache: Scanning file cache for directory 'C:/Users/Stephen/Dropbox/Projects/Unreal Engine/VRUnrealPrototype/VRHalloweenPrototype/Saved/Collections/' took 0.00s
[2019.11.18-20.17.32:398][  0]LogFileCache: Scanning file cache for directory 'C:/Users/Stephen/Dropbox/Projects/Unreal Engine/VRUnrealPrototype/VRHalloweenPrototype/Content/Developers/Stephen/Collections/' took 0.00s
[2019.11.18-20.17.32:398][  0]LogFileCache: Scanning file cache for directory 'C:/Users/Stephen/Dropbox/Projects/Unreal Engine/VRUnrealPrototype/VRHalloweenPrototype/Content/Collections/' took 0.00s
[2019.11.18-20.17.32:398][  0]LogCollectionManager: Rebuilt the GUID cache for 0 collections in 0.000001 seconds
[2019.11.18-20.17.32:408][  0]LogContentBrowser: Native class hierarchy populated in 0.0086 seconds. Added 2863 classes and 680 folders.
[2019.11.18-20.17.32:422][  0]LogContentBrowser: Native class hierarchy updated for 'WidgetCarousel' in 0.0002 seconds. Added 0 classes and 0 folders.
[2019.11.18-20.17.32:801][  0]LogContentBrowser: Native class hierarchy updated for 'AddContentDialog' in 0.0002 seconds. Added 0 classes and 0 folders.
[2019.11.18-20.17.32:812][  0]LogContentBrowser: Native class hierarchy updated for 'SceneOutliner' in 0.0002 seconds. Added 1 classes and 2 folders.
[2019.11.18-20.17.32:892][  0]LogSlate: Took 0.006843 seconds to synchronously load lazily loaded font '../../../Engine/Content/Slate/Fonts/Roboto-Regular.ttf' (155K)
[2019.11.18-20.17.32:900][  0]LogSlate: Took 0.005936 seconds to synchronously load lazily loaded font '../../../Engine/Content/Slate/Fonts/Roboto-Bold.ttf' (160K)
[2019.11.18-20.17.32:912][  0]LogSlate: Took 0.006198 seconds to synchronously load lazily loaded font '../../../Engine/Content/Editor/Slate/Fonts/FontAwesome.ttf' (139K)
[2019.11.18-20.17.33:083][  0]LogRenderer: Reallocating scene render targets to support 1208x580 Format 26 NumSamples 1 (Frame:1).
[2019.11.18-20.17.33:371][  0]LogContentBrowser: Native class hierarchy updated for 'HierarchicalLODOutliner' in 0.0004 seconds. Added 0 classes and 0 folders.
[2019.11.18-20.17.33:371][  0]LogLoad: (Engine Initialization) Total time: 26.38 seconds
[2019.11.18-20.17.33:371][  0]LogLoad: (Engine Initialization) Total Blueprint compile time: 0.01 seconds
[2019.11.18-20.17.33:451][  0]LogContentStreaming: Texture pool size now 1000 MB
[2019.11.18-20.17.33:455][  0]LogSlate: FSceneViewport::OnFocusLost() reason 5
[2019.11.18-20.17.33:550][  0]LogSlate: Took 0.009007 seconds to synchronously load lazily loaded font '../../../Engine/Content/Slate/Fonts/Roboto-Light.ttf' (167K)
[2019.11.18-20.17.33:565][  1]LogFileCache: Retrieving MD5 hashes for directory 'C:/Users/Stephen/Dropbox/Projects/Unreal Engine/VRUnrealPrototype/VRHalloweenPrototype/Content/' took 0.17s
[2019.11.18-20.17.34:386][ 15]LogAssetRegistry: Asset discovery search completed in 13.7461 seconds
[2019.11.18-20.17.34:389][ 15]LogCollectionManager: Rebuilt the object cache for 0 collections in 0.000004 seconds (found 0 objects)
[2019.11.18-20.17.34:389][ 15]LogCollectionManager: Fixed up redirectors for 0 collections in 0.000046 seconds (updated 0 objects)
[2019.11.18-20.17.36:422][135]LogSlate: Took 0.000225 seconds to synchronously load lazily loaded font '../../../Engine/Content/Slate/Fonts/Roboto-Light.ttf' (167K)
[2019.11.18-20.17.45:726][691]AssetReimport: New page: Outstanding source content changes 10:17:45 AM
[2019.11.18-20.17.45:730][691]LogFactory: FactoryCreateFile: StaticMesh with FbxFactory (0 0 C:/Users/Stephen/Dropbox/Projects/Unreal Engine/VRUnrealPrototype/VRHalloweenPrototype/Content/PBR_Graveyard_and_Landscape/Blackerry/blackberry_01_LOD0.FBX)
[2019.11.18-20.17.45:763][691]LogFbx: Loading FBX Scene from C:/Users/Stephen/Dropbox/Projects/Unreal Engine/VRUnrealPrototype/VRHalloweenPrototype/Content/PBR_Graveyard_and_Landscape/Blackerry/blackberry_01_LOD0.FBX
[2019.11.18-20.17.45:778][691]LogFbx: FBX Scene Loaded Succesfully
[2019.11.18-20.17.48:801][691]LogSlate: Window 'FBX Import Options' being destroyed
[2019.11.18-20.17.50:158][691]LogStaticMesh: Building static mesh blackberry_01_LOD0_leaf_03_complex001...
[2019.11.18-20.17.50:169][691]LogStaticMesh: Built static mesh [0.01s] /Game/PBR_Graveyard_and_Landscape/Blackerry/blackberry_01_LOD0_leaf_03_complex001.blackberry_01_LOD0_leaf_03_complex001
[2019.11.18-20.17.51:446][691]LogStaticMesh: Building static mesh blackberry_01_LOD0_lraf_planes_complex...
[2019.11.18-20.17.51:516][691]LogStaticMesh: Built static mesh [0.07s] /Game/PBR_Graveyard_and_Landscape/Blackerry/blackberry_01_LOD0_lraf_planes_complex.blackberry_01_LOD0_lraf_planes_complex
[2019.11.18-20.17.51:597][692]LogFactory: FactoryCreateFile: StaticMesh with FbxFactory (0 0 C:/Users/Stephen/Dropbox/Projects/Unreal Engine/VRUnrealPrototype/VRHalloweenPrototype/Content/PBR_Graveyard_and_Landscape/Blackerry/blackberry_01_LOD1.FBX)
[2019.11.18-20.17.51:615][692]LogFbx: Loading FBX Scene from C:/Users/Stephen/Dropbox/Projects/Unreal Engine/VRUnrealPrototype/VRHalloweenPrototype/Content/PBR_Graveyard_and_Landscape/Blackerry/blackberry_01_LOD1.FBX
[2019.11.18-20.17.51:633][692]LogFbx: FBX Scene Loaded Succesfully
[2019.11.18-20.17.51:656][692]LogSlate: FSceneViewport::OnFocusLost() reason 5
[2019.11.18-20.17.52:691][692]LogSlate: Window 'FBX Import Options' being destroyed
[2019.11.18-20.17.52:757][692]LogStaticMesh: Building static mesh blackberry_01_LOD1_leaf_03_complex001...
[2019.11.18-20.17.52:765][692]LogStaticMesh: Built static mesh [0.01s] /Game/PBR_Graveyard_and_Landscape/Blackerry/blackberry_01_LOD1_leaf_03_complex001.blackberry_01_LOD1_leaf_03_complex001
[2019.11.18-20.17.52:796][692]LogLinker: Failed to load '/Game/PBR_Graveyard_and_Landscape/Blackerry/': Can't find file.
[2019.11.18-20.17.52:796][692]LogLinker: Failed to load '/Game/PBR_Graveyard_and_Landscape/Blackerry/': Can't find file.
[2019.11.18-20.17.52:879][692]LogStaticMesh: Building static mesh blackberry_01_LOD1_leaf_planes...
[2019.11.18-20.17.52:902][692]LogStaticMesh: Built static mesh [0.02s] /Game/PBR_Graveyard_and_Landscape/Blackerry/blackberry_01_LOD1_leaf_planes.blackberry_01_LOD1_leaf_planes
[2019.11.18-20.17.52:962][693]LogFactory: FactoryCreateFile: StaticMesh with FbxFactory (0 0 C:/Users/Stephen/Dropbox/Projects/Unreal Engine/VRUnrealPrototype/VRHalloweenPrototype/Content/PBR_Graveyard_and_Landscape/Blackerry/blackberry_02_LOD0.FBX)
[2019.11.18-20.17.52:978][693]LogFbx: Loading FBX Scene from C:/Users/Stephen/Dropbox/Projects/Unreal Engine/VRUnrealPrototype/VRHalloweenPrototype/Content/PBR_Graveyard_and_Landscape/Blackerry/blackberry_02_LOD0.FBX
[2019.11.18-20.17.52:997][693]LogFbx: FBX Scene Loaded Succesfully
[2019.11.18-20.17.53:016][693]LogSlate: FSceneViewport::OnFocusLost() reason 5
[2019.11.18-20.17.53:747][693]LogSlate: Window 'FBX Import Options' being destroyed
[2019.11.18-20.17.53:833][693]LogStaticMesh: Building static mesh blackberry_02_LOD0_leaf_01_complex033...
[2019.11.18-20.17.53:888][693]LogStaticMesh: Built static mesh [0.06s] /Game/PBR_Graveyard_and_Landscape/Blackerry/blackberry_02_LOD0_leaf_01_complex033.blackberry_02_LOD0_leaf_01_complex033
[2019.11.18-20.17.53:921][693]LogStaticMesh: Building static mesh blackberry_02_LOD0_KORZEN...
[2019.11.18-20.17.53:928][693]LogStaticMesh: Built static mesh [0.01s] /Game/PBR_Graveyard_and_Landscape/Blackerry/blackberry_02_LOD0_KORZEN.blackberry_02_LOD0_KORZEN
[2019.11.18-20.17.54:023][694]LogFactory: FactoryCreateFile: StaticMesh with FbxFactory (0 0 C:/Users/Stephen/Dropbox/Projects/Unreal Engine/VRUnrealPrototype/VRHalloweenPrototype/Content/PBR_Graveyard_and_Landscape/Blackerry/blackberry_02_LOD1.FBX)
[2019.11.18-20.17.54:039][694]LogFbx: Loading FBX Scene from C:/Users/Stephen/Dropbox/Projects/Unreal Engine/VRUnrealPrototype/VRHalloweenPrototype/Content/PBR_Graveyard_and_Landscape/Blackerry/blackberry_02_LOD1.FBX
[2019.11.18-20.17.54:057][694]LogFbx: FBX Scene Loaded Succesfully
[2019.11.18-20.17.54:080][694]LogSlate: FSceneViewport::OnFocusLost() reason 5
[2019.11.18-20.17.54:747][694]LogSlate: Window 'FBX Import Options' being destroyed
[2019.11.18-20.17.54:812][694]LogStaticMesh: Building static mesh blackberry_02_LOD1_PLANES...
[2019.11.18-20.17.54:827][694]LogStaticMesh: Built static mesh [0.02s] /Game/PBR_Graveyard_and_Landscape/Blackerry/blackberry_02_LOD1_PLANES.blackberry_02_LOD1_PLANES
[2019.11.18-20.17.54:857][694]LogStaticMesh: Building static mesh blackberry_02_LOD1_KORZEN...
[2019.11.18-20.17.54:862][694]LogStaticMesh: Built static mesh [0.01s] /Game/PBR_Graveyard_and_Landscape/Blackerry/blackberry_02_LOD1_KORZEN.blackberry_02_LOD1_KORZEN
[2019.11.18-20.17.54:940][695]LogEditorFactories: Performing atomic reimport of [C:/Users/Stephen/Dropbox/Projects/Unreal Engine/VRUnrealPrototype/VRHalloweenPrototype/Content/PBR_Graveyard_and_Landscape/Blackerry/T_blackberry_AO.png]
[2019.11.18-20.17.54:948][695]LogFactory: FactoryCreateFile: Texture2D with ReimportTextureFactory (0 0 C:/Users/Stephen/Dropbox/Projects/Unreal Engine/VRUnrealPrototype/VRHalloweenPrototype/Content/PBR_Graveyard_and_Landscape/Blackerry/T_blackberry_AO.png)
[2019.11.18-20.17.55:675][695]LogEditorFactories: -- imported successfully
[2019.11.18-20.17.55:708][696]LogEditorFactories: Performing atomic reimport of [C:/Users/Stephen/Dropbox/Projects/Unreal Engine/VRUnrealPrototype/VRHalloweenPrototype/Content/PBR_Graveyard_and_Landscape/Blackerry/T_blackberry_BC.tga]
[2019.11.18-20.17.55:729][696]LogFactory: FactoryCreateFile: Texture2D with ReimportTextureFactory (0 0 C:/Users/Stephen/Dropbox/Projects/Unreal Engine/VRUnrealPrototype/VRHalloweenPrototype/Content/PBR_Graveyard_and_Landscape/Blackerry/T_blackberry_BC.tga)
[2019.11.18-20.17.56:380][696]LogEditorFactories: -- imported successfully
[2019.11.18-20.17.56:659][697]LogEditorFactories: Performing atomic reimport of [C:/Users/Stephen/Dropbox/Projects/Unreal Engine/VRUnrealPrototype/VRHalloweenPrototype/Content/PBR_Graveyard_and_Landscape/Blackerry/T_blackberry_MT.tga]
[2019.11.18-20.17.56:711][697]LogFactory: FactoryCreateFile: Texture2D with ReimportTextureFactory (0 0 C:/Users/Stephen/Dropbox/Projects/Unreal Engine/VRUnrealPrototype/VRHalloweenPrototype/Content/PBR_Graveyard_and_Landscape/Blackerry/T_blackberry_MT.tga)
[2019.11.18-20.17.57:327][697]LogEditorFactories: -- imported successfully
[2019.11.18-20.17.57:472][698]LogEditorFactories: Performing atomic reimport of [C:/Users/Stephen/Dropbox/Projects/Unreal Engine/VRUnrealPrototype/VRHalloweenPrototype/Content/PBR_Graveyard_and_Landscape/Blackerry/T_blackberry_N.png]
[2019.11.18-20.17.57:480][698]LogFactory: FactoryCreateFile: Texture2D with ReimportTextureFactory (0 0 C:/Users/Stephen/Dropbox/Projects/Unreal Engine/VRUnrealPrototype/VRHalloweenPrototype/Content/PBR_Graveyard_and_Landscape/Blackerry/T_blackberry_N.png)
[2019.11.18-20.17.57:902][698]LogEditorFactories: -- imported successfully
[2019.11.18-20.17.58:005][699]LogSlate: FSceneViewport::OnFocusLost() reason 5
[2019.11.18-20.17.58:071][699]LogSavePackage: Moving '../../../../../../Users/Stephen/Dropbox/Projects/Unreal Engine/VRUnrealPrototype/VRHalloweenPrototype/Saved/blackberry_01_LOD0BFC4045844455BD3B183B2874C57AE86.tmp' to '../../../../../../Users/Stephen/Dropbox/Projects/Unreal Engine/VRUnrealPrototype/VRHalloweenPrototype/Content/PBR_Graveyard_and_Landscape/Blackerry/blackberry_01_LOD0.uasset'
[2019.11.18-20.17.58:120][699]LogSavePackage: Moving '../../../../../../Users/Stephen/Dropbox/Projects/Unreal Engine/VRUnrealPrototype/VRHalloweenPrototype/Saved/blackberry_01_LOD14611A6B24B7B7C0F936EEDAECEB47EC7.tmp' to '../../../../../../Users/Stephen/Dropbox/Projects/Unreal Engine/VRUnrealPrototype/VRHalloweenPrototype/Content/PBR_Graveyard_and_Landscape/Blackerry/blackberry_01_LOD1.uasset'
[2019.11.18-20.17.58:164][699]LogSavePackage: Moving '../../../../../../Users/Stephen/Dropbox/Projects/Unreal Engine/VRUnrealPrototype/VRHalloweenPrototype/Saved/blackberry_02_LOD09488BC314EF6B9524A5A3589013F59F3.tmp' to '../../../../../../Users/Stephen/Dropbox/Projects/Unreal Engine/VRUnrealPrototype/VRHalloweenPrototype/Content/PBR_Graveyard_and_Landscape/Blackerry/blackberry_02_LOD0.uasset'
[2019.11.18-20.17.58:212][699]LogSavePackage: Moving '../../../../../../Users/Stephen/Dropbox/Projects/Unreal Engine/VRUnrealPrototype/VRHalloweenPrototype/Saved/blackberry_02_LOD1B5C2B68646D058E4A54E468762BEA21F.tmp' to '../../../../../../Users/Stephen/Dropbox/Projects/Unreal Engine/VRUnrealPrototype/VRHalloweenPrototype/Content/PBR_Graveyard_and_Landscape/Blackerry/blackberry_02_LOD1.uasset'
[2019.11.18-20.17.58:757][699]LogSavePackage: Moving '../../../../../../Users/Stephen/Dropbox/Projects/Unreal Engine/VRUnrealPrototype/VRHalloweenPrototype/Saved/T_blackberry_AO48FC23E2477EF296E5DC59B508E7F8BA.tmp' to '../../../../../../Users/Stephen/Dropbox/Projects/Unreal Engine/VRUnrealPrototype/VRHalloweenPrototype/Content/PBR_Graveyard_and_Landscape/Blackerry/T_blackberry_AO.uasset'
[2019.11.18-20.17.59:579][699]LogShaderCompilers: Display: Worker (2/9): shaders left to compile 30
[2019.11.18-20.17.59:579][699]LogSavePackage: Moving '../../../../../../Users/Stephen/Dropbox/Projects/Unreal Engine/VRUnrealPrototype/VRHalloweenPrototype/Saved/T_blackberry_MT337B989E41D7564C2909498C6EFCC7DE.tmp' to '../../../../../../Users/Stephen/Dropbox/Projects/Unreal Engine/VRUnrealPrototype/VRHalloweenPrototype/Content/PBR_Graveyard_and_Landscape/Blackerry/T_blackberry_MT.uasset'
[2019.11.18-20.18.00:176][699]LogShaderCompilers: Display: Worker (3/9): shaders left to compile 26
[2019.11.18-20.18.00:208][699]LogSavePackage: Moving '../../../../../../Users/Stephen/Dropbox/Projects/Unreal Engine/VRUnrealPrototype/VRHalloweenPrototype/Saved/T_blackberry_NE9ABDAE249E1193B5E6BFE935F4E8851.tmp' to '../../../../../../Users/Stephen/Dropbox/Projects/Unreal Engine/VRUnrealPrototype/VRHalloweenPrototype/Content/PBR_Graveyard_and_Landscape/Blackerry/T_blackberry_N.uasset'
[2019.11.18-20.18.00:574][705]LogShaderCompilers: Display: Worker (5/9): shaders left to compile 22
[2019.11.18-20.18.02:139][770]LogShaderCompilers: Display: Worker (4/9): shaders left to compile 19
[2019.11.18-20.18.02:391][781]LogShaderCompilers: Display: Worker (6/9): shaders left to compile 16
[2019.11.18-20.18.03:231][816]AssetReimport: Importing new asset /Game/PBR_Graveyard_and_Landscape/Blackerry/blackberry_01_LOD0.
[2019.11.18-20.18.03:231][816]AssetReimport: Importing new asset /Game/PBR_Graveyard_and_Landscape/Blackerry/blackberry_01_LOD1.
[2019.11.18-20.18.03:231][816]AssetReimport: Importing new asset /Game/PBR_Graveyard_and_Landscape/Blackerry/blackberry_02_LOD0.
[2019.11.18-20.18.03:231][816]AssetReimport: Importing new asset /Game/PBR_Graveyard_and_Landscape/Blackerry/blackberry_02_LOD1.
[2019.11.18-20.18.03:231][816]AssetReimport: Reimported asset T_blackberry_AO from C:/Users/Stephen/Dropbox/Projects/Unreal Engine/VRUnrealPrototype/VRHalloweenPrototype/Content/PBR_Graveyard_and_Landscape/Blackerry/T_blackberry_AO.png.
[2019.11.18-20.18.03:231][816]AssetReimport: Reimported asset T_blackberry_BC from C:/Users/Stephen/Dropbox/Projects/Unreal Engine/VRUnrealPrototype/VRHalloweenPrototype/Content/PBR_Graveyard_and_Landscape/Blackerry/T_blackberry_BC.tga.
[2019.11.18-20.18.03:231][816]AssetReimport: Reimported asset T_blackberry_MT from C:/Users/Stephen/Dropbox/Projects/Unreal Engine/VRUnrealPrototype/VRHalloweenPrototype/Content/PBR_Graveyard_and_Landscape/Blackerry/T_blackberry_MT.tga.
[2019.11.18-20.18.03:231][816]AssetReimport: Reimported asset T_blackberry_N from C:/Users/Stephen/Dropbox/Projects/Unreal Engine/VRUnrealPrototype/VRHalloweenPrototype/Content/PBR_Graveyard_and_Landscape/Blackerry/T_blackberry_N.png.
[2019.11.18-20.18.03:278][819]LogShaderCompilers: Display: Worker (5/9): shaders left to compile 13
[2019.11.18-20.18.03:945][845]LogShaderCompilers: Display: Worker (7/9): shaders left to compile 11
[2019.11.18-20.18.04:063][851]LogShaderCompilers: Display: Worker (6/9): shaders left to compile 9
[2019.11.18-20.18.04:442][866]LogShaderCompilers: Display: Worker (4/9): shaders left to compile 7
[2019.11.18-20.18.04:784][881]LogShaderCompilers: Display: Worker (3/9): shaders left to compile 6
[2019.11.18-20.18.06:953][976]LogShaderCompilers: Display: Worker (4/9): shaders left to compile 5
[2019.11.18-20.18.07:427][996]LogShaderCompilers: Display: Worker (3/9): shaders left to compile 4
[2019.11.18-20.18.07:639][  6]LogShaderCompilers: Display: Worker (7/9): shaders left to compile 3
[2019.11.18-20.18.07:681][  8]LogShaderCompilers: Display: Worker (6/9): shaders left to compile 2
[2019.11.18-20.18.07:707][  9]LogShaderCompilers: Display: Worker (1/9): shaders left to compile 1
[2019.11.18-20.18.14:618][415]LogSlate: FSceneViewport::OnFocusLost() reason 0
[2019.11.18-20.18.19:221][690]LogSlate: FSceneViewport::OnFocusLost() reason 2
[2019.11.18-20.18.23:503][940]LogSlate: Window 'Message Log' being destroyed
[2019.11.18-20.18.23:510][940]LogSlate: Window 'Message Log' being destroyed
[2019.11.18-20.25.34:734][579]LogEditorSessionSummary: EditorSessionSummary sent report. Type=Shutdown, SessionId={4E8DA5F3-4991-4A0D-7FDF-038FD1CB8BFC}
[2019.11.18-20.37.31:101][928]LogUObjectHash: Compacting FUObjectHashTables data took   1.60ms
[2019.11.18-20.37.31:101][928]LogFileHelpers: Editor autosave (incl. sublevels) for '/Game/VirtualRealityBP/Maps/StartupMap' took 0.040
[2019.11.18-20.37.31:104][928]OBJ SavePackage: Generating thumbnails for [1] asset(s) in package [/Game/PBR_Graveyard_and_Landscape/Blackerry/blackberry_01_LOD0_leaf_03_complex001] ([1] browsable assets)...
[2019.11.18-20.37.31:122][928]OBJ SavePackage:     Rendered thumbnail for [StaticMesh /Game/PBR_Graveyard_and_Landscape/Blackerry/blackberry_01_LOD0_leaf_03_complex001.blackberry_01_LOD0_leaf_03_complex001]
[2019.11.18-20.37.31:122][928]OBJ SavePackage: Finished generating thumbnails for package [/Game/PBR_Graveyard_and_Landscape/Blackerry/blackberry_01_LOD0_leaf_03_complex001]
[2019.11.18-20.37.31:150][928]LogSavePackage: Moving '../../../../../../Users/Stephen/Dropbox/Projects/Unreal Engine/VRUnrealPrototype/VRHalloweenPrototype/Saved/blackberry_01_LOD0_leaf_03_complBDCB612243B873A2F30EC5AF36103A20.tmp' to '../../../../../../Users/Stephen/Dropbox/Projects/Unreal Engine/VRUnrealPrototype/VRHalloweenPrototype/Saved/Autosaves/Game/PBR_Graveyard_and_Landscape/Blackerry/blackberry_01_LOD0_leaf_03_complex001_Auto1.uasset'
[2019.11.18-20.37.31:152][928]OBJ SavePackage: Generating thumbnails for [1] asset(s) in package [/Game/PBR_Graveyard_and_Landscape/Blackerry/korzenie] ([1] browsable assets)...
[2019.11.18-20.37.31:165][928]OBJ SavePackage:     Rendered thumbnail for [Material /Game/PBR_Graveyard_and_Landscape/Blackerry/korzenie.korzenie]
[2019.11.18-20.37.31:165][928]OBJ SavePackage: Finished generating thumbnails for package [/Game/PBR_Graveyard_and_Landscape/Blackerry/korzenie]
[2019.11.18-20.37.31:180][928]LogSavePackage: Moving '../../../../../../Users/Stephen/Dropbox/Projects/Unreal Engine/VRUnrealPrototype/VRHalloweenPrototype/Saved/korzenie_Auto106899A87428F4C83B531A0B328375370.tmp' to '../../../../../../Users/Stephen/Dropbox/Projects/Unreal Engine/VRUnrealPrototype/VRHalloweenPrototype/Saved/Autosaves/Game/PBR_Graveyard_and_Landscape/Blackerry/korzenie_Auto1.uasset'
[2019.11.18-20.37.31:182][928]OBJ SavePackage: Generating thumbnails for [1] asset(s) in package [/Game/PBR_Graveyard_and_Landscape/Blackerry/T_blackberry_BC] ([1] browsable assets)...
[2019.11.18-20.37.31:188][928]OBJ SavePackage:     Rendered thumbnail for [Texture2D /Game/PBR_Graveyard_and_Landscape/Blackerry/T_blackberry_BC.T_blackberry_BC]
[2019.11.18-20.37.31:188][928]OBJ SavePackage: Finished generating thumbnails for package [/Game/PBR_Graveyard_and_Landscape/Blackerry/T_blackberry_BC]
[2019.11.18-20.37.31:216][928]LogSavePackage: Moving '../../../../../../Users/Stephen/Dropbox/Projects/Unreal Engine/VRUnrealPrototype/VRHalloweenPrototype/Saved/T_blackberry_BC_Auto14124AE284F9A2257E3063CB4702FBA67.tmp' to '../../../../../../Users/Stephen/Dropbox/Projects/Unreal Engine/VRUnrealPrototype/VRHalloweenPrototype/Saved/Autosaves/Game/PBR_Graveyard_and_Landscape/Blackerry/T_blackberry_BC_Auto1.uasset'
[2019.11.18-20.37.31:218][928]OBJ SavePackage: Generating thumbnails for [1] asset(s) in package [/Game/PBR_Graveyard_and_Landscape/Blackerry/blackberry_01_LOD0_lraf_planes_complex] ([1] browsable assets)...
[2019.11.18-20.37.31:230][928]OBJ SavePackage:     Rendered thumbnail for [StaticMesh /Game/PBR_Graveyard_and_Landscape/Blackerry/blackberry_01_LOD0_lraf_planes_complex.blackberry_01_LOD0_lraf_planes_complex]
[2019.11.18-20.37.31:230][928]OBJ SavePackage: Finished generating thumbnails for package [/Game/PBR_Graveyard_and_Landscape/Blackerry/blackberry_01_LOD0_lraf_planes_complex]
[2019.11.18-20.37.31:254][928]LogSavePackage: Moving '../../../../../../Users/Stephen/Dropbox/Projects/Unreal Engine/VRUnrealPrototype/VRHalloweenPrototype/Saved/blackberry_01_LOD0_lraf_planes_c0F822CAB465BF643F36BCFB77F6E0929.tmp' to '../../../../../../Users/Stephen/Dropbox/Projects/Unreal Engine/VRUnrealPrototype/VRHalloweenPrototype/Saved/Autosaves/Game/PBR_Graveyard_and_Landscape/Blackerry/blackberry_01_LOD0_lraf_planes_complex_Auto1.uasset'
[2019.11.18-20.37.31:255][928]OBJ SavePackage: Generating thumbnails for [1] asset(s) in package [/Game/PBR_Graveyard_and_Landscape/Blackerry/leaf_complex] ([1] browsable assets)...
[2019.11.18-20.37.31:269][928]OBJ SavePackage:     Rendered thumbnail for [Material /Game/PBR_Graveyard_and_Landscape/Blackerry/leaf_complex.leaf_complex]
[2019.11.18-20.37.31:269][928]OBJ SavePackage: Finished generating thumbnails for package [/Game/PBR_Graveyard_and_Landscape/Blackerry/leaf_complex]
[2019.11.18-20.37.31:285][928]LogSavePackage: Moving '../../../../../../Users/Stephen/Dropbox/Projects/Unreal Engine/VRUnrealPrototype/VRHalloweenPrototype/Saved/leaf_complex_Auto1D190A5674568AC489432EBBBDF00B22F.tmp' to '../../../../../../Users/Stephen/Dropbox/Projects/Unreal Engine/VRUnrealPrototype/VRHalloweenPrototype/Saved/Autosaves/Game/PBR_Graveyard_and_Landscape/Blackerry/leaf_complex_Auto1.uasset'
[2019.11.18-20.37.31:287][928]OBJ SavePackage: Generating thumbnails for [1] asset(s) in package [/Game/PBR_Graveyard_and_Landscape/Blackerry/blackberry_01_LOD1_leaf_03_complex001] ([1] browsable assets)...
[2019.11.18-20.37.31:300][928]OBJ SavePackage:     Rendered thumbnail for [StaticMesh /Game/PBR_Graveyard_and_Landscape/Blackerry/blackberry_01_LOD1_leaf_03_complex001.blackberry_01_LOD1_leaf_03_complex001]
[2019.11.18-20.37.31:300][928]OBJ SavePackage: Finished generating thumbnails for package [/Game/PBR_Graveyard_and_Landscape/Blackerry/blackberry_01_LOD1_leaf_03_complex001]
[2019.11.18-20.37.31:316][928]LogSavePackage: Moving '../../../../../../Users/Stephen/Dropbox/Projects/Unreal Engine/VRUnrealPrototype/VRHalloweenPrototype/Saved/blackberry_01_LOD1_leaf_03_compl854A3DDB44204AFE5E5B24A10B8256C1.tmp' to '../../../../../../Users/Stephen/Dropbox/Projects/Unreal Engine/VRUnrealPrototype/VRHalloweenPrototype/Saved/Autosaves/Game/PBR_Graveyard_and_Landscape/Blackerry/blackberry_01_LOD1_leaf_03_complex001_Auto1.uasset'
[2019.11.18-20.37.31:318][928]OBJ SavePackage: Generating thumbnails for [1] asset(s) in package [/Game/PBR_Graveyard_and_Landscape/Blackerry/blackberry_01_LOD1_leaf_planes] ([1] browsable assets)...
[2019.11.18-20.37.31:330][928]OBJ SavePackage:     Rendered thumbnail for [StaticMesh /Game/PBR_Graveyard_and_Landscape/Blackerry/blackberry_01_LOD1_leaf_planes.blackberry_01_LOD1_leaf_planes]
[2019.11.18-20.37.31:330][928]OBJ SavePackage: Finished generating thumbnails for package [/Game/PBR_Graveyard_and_Landscape/Blackerry/blackberry_01_LOD1_leaf_planes]
[2019.11.18-20.37.31:347][928]LogSavePackage: Moving '../../../../../../Users/Stephen/Dropbox/Projects/Unreal Engine/VRUnrealPrototype/VRHalloweenPrototype/Saved/blackberry_01_LOD1_leaf_planes_AAF80001246C471A0234AE58C2EAE6BC1.tmp' to '../../../../../../Users/Stephen/Dropbox/Projects/Unreal Engine/VRUnrealPrototype/VRHalloweenPrototype/Saved/Autosaves/Game/PBR_Graveyard_and_Landscape/Blackerry/blackberry_01_LOD1_leaf_planes_Auto1.uasset'
[2019.11.18-20.37.31:349][928]OBJ SavePackage: Generating thumbnails for [1] asset(s) in package [/Game/PBR_Graveyard_and_Landscape/Blackerry/leaf_planes] ([1] browsable assets)...
[2019.11.18-20.37.31:361][928]OBJ SavePackage:     Rendered thumbnail for [Material /Game/PBR_Graveyard_and_Landscape/Blackerry/leaf_planes.leaf_planes]
[2019.11.18-20.37.31:361][928]OBJ SavePackage: Finished generating thumbnails for package [/Game/PBR_Graveyard_and_Landscape/Blackerry/leaf_planes]
[2019.11.18-20.37.31:376][928]LogSavePackage: Moving '../../../../../../Users/Stephen/Dropbox/Projects/Unreal Engine/VRUnrealPrototype/VRHalloweenPrototype/Saved/leaf_planes_Auto1EBC9676F47898E2817E208B0F9E0DFBC.tmp' to '../../../../../../Users/Stephen/Dropbox/Projects/Unreal Engine/VRUnrealPrototype/VRHalloweenPrototype/Saved/Autosaves/Game/PBR_Graveyard_and_Landscape/Blackerry/leaf_planes_Auto1.uasset'
[2019.11.18-20.37.31:377][928]OBJ SavePackage: Generating thumbnails for [1] asset(s) in package [/Game/PBR_Graveyard_and_Landscape/Blackerry/blackberry_02_LOD0_leaf_01_complex033] ([1] browsable assets)...
[2019.11.18-20.37.31:389][928]OBJ SavePackage:     Rendered thumbnail for [StaticMesh /Game/PBR_Graveyard_and_Landscape/Blackerry/blackberry_02_LOD0_leaf_01_complex033.blackberry_02_LOD0_leaf_01_complex033]
[2019.11.18-20.37.31:389][928]OBJ SavePackage: Finished generating thumbnails for package [/Game/PBR_Graveyard_and_Landscape/Blackerry/blackberry_02_LOD0_leaf_01_complex033]
[2019.11.18-20.37.31:409][928]LogSavePackage: Moving '../../../../../../Users/Stephen/Dropbox/Projects/Unreal Engine/VRUnrealPrototype/VRHalloweenPrototype/Saved/blackberry_02_LOD0_leaf_01_complD3B3E6AF4AB87F26B3FB9EA3B3BE1283.tmp' to '../../../../../../Users/Stephen/Dropbox/Projects/Unreal Engine/VRUnrealPrototype/VRHalloweenPrototype/Saved/Autosaves/Game/PBR_Graveyard_and_Landscape/Blackerry/blackberry_02_LOD0_leaf_01_complex033_Auto1.uasset'
[2019.11.18-20.37.31:411][928]OBJ SavePackage: Generating thumbnails for [1] asset(s) in package [/Game/PBR_Graveyard_and_Landscape/Blackerry/blackberry_02_LOD0_KORZEN] ([1] browsable assets)...
[2019.11.18-20.37.31:423][928]OBJ SavePackage:     Rendered thumbnail for [StaticMesh /Game/PBR_Graveyard_and_Landscape/Blackerry/blackberry_02_LOD0_KORZEN.blackberry_02_LOD0_KORZEN]
[2019.11.18-20.37.31:423][928]OBJ SavePackage: Finished generating thumbnails for package [/Game/PBR_Graveyard_and_Landscape/Blackerry/blackberry_02_LOD0_KORZEN]
[2019.11.18-20.37.31:438][928]LogSavePackage: Moving '../../../../../../Users/Stephen/Dropbox/Projects/Unreal Engine/VRUnrealPrototype/VRHalloweenPrototype/Saved/blackberry_02_LOD0_KORZEN_Auto11307320F49C5248BDF95CE9D3A7F212E.tmp' to '../../../../../../Users/Stephen/Dropbox/Projects/Unreal Engine/VRUnrealPrototype/VRHalloweenPrototype/Saved/Autosaves/Game/PBR_Graveyard_and_Landscape/Blackerry/blackberry_02_LOD0_KORZEN_Auto1.uasset'
[2019.11.18-20.37.31:439][928]OBJ SavePackage: Generating thumbnails for [1] asset(s) in package [/Game/PBR_Graveyard_and_Landscape/Blackerry/blackberry_02_LOD1_PLANES] ([1] browsable assets)...
[2019.11.18-20.37.31:451][928]OBJ SavePackage:     Rendered thumbnail for [StaticMesh /Game/PBR_Graveyard_and_Landscape/Blackerry/blackberry_02_LOD1_PLANES.blackberry_02_LOD1_PLANES]
[2019.11.18-20.37.31:451][928]OBJ SavePackage: Finished generating thumbnails for package [/Game/PBR_Graveyard_and_Landscape/Blackerry/blackberry_02_LOD1_PLANES]
[2019.11.18-20.37.31:469][928]LogSavePackage: Moving '../../../../../../Users/Stephen/Dropbox/Projects/Unreal Engine/VRUnrealPrototype/VRHalloweenPrototype/Saved/blackberry_02_LOD1_PLANES_Auto157C3163843B23DAAFB932EA9AE962B33.tmp' to '../../../../../../Users/Stephen/Dropbox/Projects/Unreal Engine/VRUnrealPrototype/VRHalloweenPrototype/Saved/Autosaves/Game/PBR_Graveyard_and_Landscape/Blackerry/blackberry_02_LOD1_PLANES_Auto1.uasset'
[2019.11.18-20.37.31:470][928]OBJ SavePackage: Generating thumbnails for [1] asset(s) in package [/Game/PBR_Graveyard_and_Landscape/Blackerry/blackberry_02_LOD1_KORZEN] ([1] browsable assets)...
[2019.11.18-20.37.31:482][928]OBJ SavePackage:     Rendered thumbnail for [StaticMesh /Game/PBR_Graveyard_and_Landscape/Blackerry/blackberry_02_LOD1_KORZEN.blackberry_02_LOD1_KORZEN]
[2019.11.18-20.37.31:482][928]OBJ SavePackage: Finished generating thumbnails for package [/Game/PBR_Graveyard_and_Landscape/Blackerry/blackberry_02_LOD1_KORZEN]
[2019.11.18-20.37.31:498][928]LogSavePackage: Moving '../../../../../../Users/Stephen/Dropbox/Projects/Unreal Engine/VRUnrealPrototype/VRHalloweenPrototype/Saved/blackberry_02_LOD1_KORZEN_Auto1278872E84F812B31F5ECACB3ADEAF2D4.tmp' to '../../../../../../Users/Stephen/Dropbox/Projects/Unreal Engine/VRUnrealPrototype/VRHalloweenPrototype/Saved/Autosaves/Game/PBR_Graveyard_and_Landscape/Blackerry/blackberry_02_LOD1_KORZEN_Auto1.uasset'
[2019.11.18-20.37.31:499][928]LogFileHelpers: Auto-saving content packages took 0.397
